# Logfile created on Fri Jul 24 09:12:11 -0600 2009

Processing ContentsController#index (for 127.0.0.1 at 2009-07-24 09:12:33) [GET]
Rendering template within layouts/contents
Rendering contents/index
Completed in 916ms (View: 126, DB: 0) | 200 OK [http://localhost/contents]


Processing ContentsController#edit (for 127.0.0.1 at 2009-07-24 09:12:42) [GET]
  Parameters: {"id"=>"2da120128e13d01e2a270a6d3a0fdaf3"}
Rendering template within layouts/contents
Rendering contents/edit
Completed in 106ms (View: 22, DB: 0) | 200 OK [http://localhost/contents/2da120128e13d01e2a270a6d3a0fdaf3/edit]


Processing ContentsController#update (for 127.0.0.1 at 2009-07-24 09:13:26) [PUT]
  Parameters: {"commit"=>"Update", "authenticity_token"=>"JFmIYmveN0lGPtwqp0MO8KIoZumCH6dUvFdZ5LxmImU=", "id"=>"2da120128e13d01e2a270a6d3a0fdaf3", "content"=>{"title"=>"More Content", "page"=>"<html>\r\n\r\n<body>\r\n <h1> Some more content</h1>\r\n\r\n</body>\r\n</html>"}}
Redirected to http://localhost:3001/contents/2da120128e13d01e2a270a6d3a0fdaf3
Completed in 188ms (DB: 0) | 302 Found [http://localhost/contents/2da120128e13d01e2a270a6d3a0fdaf3]


Processing ContentsController#show (for 127.0.0.1 at 2009-07-24 09:13:26) [GET]
  Parameters: {"id"=>"2da120128e13d01e2a270a6d3a0fdaf3"}
Rendering template within layouts/contents
Rendering contents/show
Completed in 40ms (View: 8, DB: 0) | 200 OK [http://localhost/contents/2da120128e13d01e2a270a6d3a0fdaf3]


Processing ContentsController#index (for 127.0.0.1 at 2009-07-24 09:13:30) [GET]
Rendering template within layouts/contents
Rendering contents/index
Completed in 89ms (View: 5, DB: 0) | 200 OK [http://localhost/contents]


Processing ContentsController#index (for 127.0.0.1 at 2009-07-24 09:16:21) [GET]
Rendering template within layouts/contents
Rendering contents/index
Completed in 75ms (View: 4, DB: 0) | 200 OK [http://localhost/contents]


Processing ContentsController#new (for 127.0.0.1 at 2009-07-24 10:42:38) [GET]
Rendering template within layouts/contents
Rendering contents/new
Completed in 26ms (View: 20, DB: 0) | 200 OK [http://localhost/contents/new]


Processing ContentsController#create (for 127.0.0.1 at 2009-07-24 10:42:49) [POST]
  Parameters: {"commit"=>"Create", "authenticity_token"=>"JFmIYmveN0lGPtwqp0MO8KIoZumCH6dUvFdZ5LxmImU=", "content"=>{"title"=>"Something New", "page"=>"blah blah blah"}}
Redirected to http://localhost:3001/contents/61e2ff6c177ed8411c42fc9719feec6c
Completed in 59ms (DB: 0) | 302 Found [http://localhost/contents]


Processing ContentsController#show (for 127.0.0.1 at 2009-07-24 10:42:49) [GET]
  Parameters: {"id"=>"61e2ff6c177ed8411c42fc9719feec6c"}
Rendering template within layouts/contents
Rendering contents/show
Completed in 95ms (View: 1, DB: 0) | 200 OK [http://localhost/contents/61e2ff6c177ed8411c42fc9719feec6c]


Processing ContentsController#index (for 127.0.0.1 at 2009-07-24 10:48:02) [GET]
Rendering template within layouts/contents
Rendering contents/index
Completed in 69ms (View: 5, DB: 0) | 200 OK [http://localhost/contents]


Processing ContentsController#show (for 127.0.0.1 at 2009-07-24 11:14:17) [GET]
  Parameters: {"id"=>"2574d01acfd824fb03e0a95e15988ae4"}

RestClient::RequestFailed (HTTP status code 500):
  /Library/Ruby/Gems/1.8/gems/rest-client-1.0.3/lib/restclient/request.rb:195:in `process_result'
  /Library/Ruby/Gems/1.8/gems/rest-client-1.0.3/lib/restclient/request.rb:125:in `transmit'
  /System/Library/Frameworks/Ruby.framework/Versions/1.8/usr/lib/ruby/1.8/net/http.rb:543:in `start'
  /Library/Ruby/Gems/1.8/gems/rest-client-1.0.3/lib/restclient/request.rb:123:in `transmit'
  /Library/Ruby/Gems/1.8/gems/rest-client-1.0.3/lib/restclient/request.rb:49:in `execute_inner'
  /Library/Ruby/Gems/1.8/gems/rest-client-1.0.3/lib/restclient/request.rb:39:in `execute'
  /Library/Ruby/Gems/1.8/gems/rest-client-1.0.3/lib/restclient/request.rb:17:in `execute'
  /Library/Ruby/Gems/1.8/gems/rest-client-1.0.3/lib/restclient.rb:65:in `get'
  app/models/content.rb:71:in `find'
  app/controllers/contents_controller.rb:16:in `show'

Rendered rescues/_trace (36.5ms)
Rendered rescues/_request_and_response (1.4ms)
Rendering rescues/layout (internal_server_error)


Processing ContentsController#show (for 127.0.0.1 at 2009-07-24 11:14:48) [GET]
  Parameters: {"id"=>"2574d01acfd824fb03e0a95e15988ae4"}
Rendering template within layouts/contents
Rendering contents/show
Completed in 34ms (View: 1, DB: 0) | 200 OK [http://localhost/contents/2574d01acfd824fb03e0a95e15988ae4]


Processing ContentsController#index (for 127.0.0.1 at 2009-07-24 11:35:14) [GET]
Rendering template within layouts/contents
Rendering contents/index
Completed in 183ms (View: 5, DB: 0) | 200 OK [http://localhost/contents]


Processing ContentsController#show (for 127.0.0.1 at 2009-07-24 11:35:17) [GET]
  Parameters: {"id"=>"ce268c348d185acc0614c9c6d6821025"}
Rendering template within layouts/contents
Rendering contents/show
Completed in 33ms (View: 1, DB: 0) | 200 OK [http://localhost/contents/ce268c348d185acc0614c9c6d6821025]


Processing ContentsController#edit (for 127.0.0.1 at 2009-07-24 11:51:03) [GET]
  Parameters: {"id"=>"ce268c348d185acc0614c9c6d6821025"}
Rendering template within layouts/contents
Rendering contents/edit
Completed in 35ms (View: 2, DB: 0) | 200 OK [http://localhost/contents/ce268c348d185acc0614c9c6d6821025/edit]


Processing ContentsController#update (for 127.0.0.1 at 2009-07-24 11:51:05) [PUT]
  Parameters: {"commit"=>"Update", "authenticity_token"=>"JFmIYmveN0lGPtwqp0MO8KIoZumCH6dUvFdZ5LxmImU=", "id"=>"ce268c348d185acc0614c9c6d6821025", "content"=>{"title"=>"Save Me", "page"=>"..."}}

ActionController::RoutingError (content_url failed to generate from {:action=>"show", :controller=>"contents", :id=>#<Content:0x24d8f80 @updated_at="<?xml version=\"1.0\" encoding=\"UTF-8\"?>\n<content>\n  <id>ce268c348d185acc0614c9c6d6821025</id>\n  <rev>2-1165552552</rev>\n  <title>Save Me</title>\n  <page>...</page>\n  <created_at>2009-07-24 11:33:49</created_at>\n  <updated_at>2009-07-24 11:51:05</updated_at>\n</content>\n", @rev="<?xml version=\"1.0\" encoding=\"UTF-8\"?>\n<content>\n  <id>ce268c348d185acc0614c9c6d6821025</id>\n  <rev>2-1165552552</rev>\n  <title>Save Me</title>\n  <page>...</page>\n  <created_at>2009-07-24 11:33:49</created_at>\n  <updated_at>2009-07-24 11:51:05</updated_at>\n</content>\n", @created_at="<?xml version=\"1.0\" encoding=\"UTF-8\"?>\n<content>\n  <id>ce268c348d185acc0614c9c6d6821025</id>\n  <rev>2-1165552552</rev>\n  <title>Save Me</title>\n  <page>...</page>\n  <created_at>2009-07-24 11:33:49</created_at>\n  <updated_at>2009-07-24 11:51:05</updated_at>\n</content>\n", @id="<?xml version=\"1.0\" encoding=\"UTF-8\"?>\n<content>\n  <id>ce268c348d185acc0614c9c6d6821025</id>\n  <rev>2-1165552552</rev>\n  <title>Save Me</title>\n  <page>...</page>\n  <created_at>2009-07-24 11:33:49</created_at>\n  <updated_at>2009-07-24 11:51:05</updated_at>\n</content>\n", @page="<?xml version=\"1.0\" encoding=\"UTF-8\"?>\n<content>\n  <id>ce268c348d185acc0614c9c6d6821025</id>\n  <rev>2-1165552552</rev>\n  <title>Save Me</title>\n  <page>...</page>\n  <created_at>2009-07-24 11:33:49</created_at>\n  <updated_at>2009-07-24 11:51:05</updated_at>\n</content>\n", @title="<?xml version=\"1.0\" encoding=\"UTF-8\"?>\n<content>\n  <id>ce268c348d185acc0614c9c6d6821025</id>\n  <rev>2-1165552552</rev>\n  <title>Save Me</title>\n  <page>...</page>\n  <created_at>2009-07-24 11:33:49</created_at>\n  <updated_at>2009-07-24 11:51:05</updated_at>\n</content>\n">}, expected: {:controller=>"contents", :action=>"show"}, diff: {:id=>#<Content:0x24d8f80 @updated_at="<?xml version=\"1.0\" encoding=\"UTF-8\"?>\n<content>\n  <id>ce268c348d185acc0614c9c6d6821025</id>\n  <rev>2-1165552552</rev>\n  <title>Save Me</title>\n  <page>...</page>\n  <created_at>2009-07-24 11:33:49</created_at>\n  <updated_at>2009-07-24 11:51:05</updated_at>\n</content>\n", @rev="<?xml version=\"1.0\" encoding=\"UTF-8\"?>\n<content>\n  <id>ce268c348d185acc0614c9c6d6821025</id>\n  <rev>2-1165552552</rev>\n  <title>Save Me</title>\n  <page>...</page>\n  <created_at>2009-07-24 11:33:49</created_at>\n  <updated_at>2009-07-24 11:51:05</updated_at>\n</content>\n", @created_at="<?xml version=\"1.0\" encoding=\"UTF-8\"?>\n<content>\n  <id>ce268c348d185acc0614c9c6d6821025</id>\n  <rev>2-1165552552</rev>\n  <title>Save Me</title>\n  <page>...</page>\n  <created_at>2009-07-24 11:33:49</created_at>\n  <updated_at>2009-07-24 11:51:05</updated_at>\n</content>\n", @id="<?xml version=\"1.0\" encoding=\"UTF-8\"?>\n<content>\n  <id>ce268c348d185acc0614c9c6d6821025</id>\n  <rev>2-1165552552</rev>\n  <title>Save Me</title>\n  <page>...</page>\n  <created_at>2009-07-24 11:33:49</created_at>\n  <updated_at>2009-07-24 11:51:05</updated_at>\n</content>\n", @page="<?xml version=\"1.0\" encoding=\"UTF-8\"?>\n<content>\n  <id>ce268c348d185acc0614c9c6d6821025</id>\n  <rev>2-1165552552</rev>\n  <title>Save Me</title>\n  <page>...</page>\n  <created_at>2009-07-24 11:33:49</created_at>\n  <updated_at>2009-07-24 11:51:05</updated_at>\n</content>\n", @title="<?xml version=\"1.0\" encoding=\"UTF-8\"?>\n<content>\n  <id>ce268c348d185acc0614c9c6d6821025</id>\n  <rev>2-1165552552</rev>\n  <title>Save Me</title>\n  <page>...</page>\n  <created_at>2009-07-24 11:33:49</created_at>\n  <updated_at>2009-07-24 11:51:05</updated_at>\n</content>\n">}):
  (eval):16:in `content_url'
  app/controllers/contents_controller.rb:65:in `update'
  app/controllers/contents_controller.rb:62:in `update'

Rendering rescues/layout (not_found)


Processing ContentsController#update (for 127.0.0.1 at 2009-07-24 11:52:31) [PUT]
  Parameters: {"commit"=>"Update", "authenticity_token"=>"JFmIYmveN0lGPtwqp0MO8KIoZumCH6dUvFdZ5LxmImU=", "id"=>"ce268c348d185acc0614c9c6d6821025", "content"=>{"title"=>"Save Me", "page"=>"..."}}

NameError (undefined local variable or method `logger' for #<Content:0x244a71c>):
  app/models/content.rb:25:in `save'
  app/models/content.rb:48:in `update_attributes'
  app/controllers/contents_controller.rb:63:in `update'
  app/controllers/contents_controller.rb:62:in `update'

Rendered rescues/_trace (32.5ms)
Rendered rescues/_request_and_response (0.3ms)
Rendering rescues/layout (internal_server_error)


Processing ContentsController#update (for 127.0.0.1 at 2009-07-24 11:53:06) [PUT]
  Parameters: {"commit"=>"Update", "authenticity_token"=>"JFmIYmveN0lGPtwqp0MO8KIoZumCH6dUvFdZ5LxmImU=", "id"=>"ce268c348d185acc0614c9c6d6821025", "content"=>{"title"=>"Save Me", "page"=>"..."}}
Refetched existing content data = <?xml version="1.0" encoding="UTF-8"?>
<content>
  <id>ce268c348d185acc0614c9c6d6821025</id>
  <rev>4-1279023492</rev>
  <title>Save Me</title>
  <page>...</page>
  <created_at>2009-07-24 11:33:49</created_at>
  <updated_at>2009-07-24 11:53:06</updated_at>
</content>
Set Attributes - #<Content:0x231d6f0 @updated_at="<?xml version=\"1.0\" encoding=\"UTF-8\"?>\n<content>\n  <id>ce268c348d185acc0614c9c6d6821025</id>\n  <rev>4-1279023492</rev>\n  <title>Save Me</title>\n  <page>...</page>\n  <created_at>2009-07-24 11:33:49</created_at>\n  <updated_at>2009-07-24 11:53:06</updated_at>\n</content>\n", @rev="<?xml version=\"1.0\" encoding=\"UTF-8\"?>\n<content>\n  <id>ce268c348d185acc0614c9c6d6821025</id>\n  <rev>4-1279023492</rev>\n  <title>Save Me</title>\n  <page>...</page>\n  <created_at>2009-07-24 11:33:49</created_at>\n  <updated_at>2009-07-24 11:53:06</updated_at>\n</content>\n", @created_at="<?xml version=\"1.0\" encoding=\"UTF-8\"?>\n<content>\n  <id>ce268c348d185acc0614c9c6d6821025</id>\n  <rev>4-1279023492</rev>\n  <title>Save Me</title>\n  <page>...</page>\n  <created_at>2009-07-24 11:33:49</created_at>\n  <updated_at>2009-07-24 11:53:06</updated_at>\n</content>\n", @id="<?xml version=\"1.0\" encoding=\"UTF-8\"?>\n<content>\n  <id>ce268c348d185acc0614c9c6d6821025</id>\n  <rev>4-1279023492</rev>\n  <title>Save Me</title>\n  <page>...</page>\n  <created_at>2009-07-24 11:33:49</created_at>\n  <updated_at>2009-07-24 11:53:06</updated_at>\n</content>\n", @page="<?xml version=\"1.0\" encoding=\"UTF-8\"?>\n<content>\n  <id>ce268c348d185acc0614c9c6d6821025</id>\n  <rev>4-1279023492</rev>\n  <title>Save Me</title>\n  <page>...</page>\n  <created_at>2009-07-24 11:33:49</created_at>\n  <updated_at>2009-07-24 11:53:06</updated_at>\n</content>\n", @title="<?xml version=\"1.0\" encoding=\"UTF-8\"?>\n<content>\n  <id>ce268c348d185acc0614c9c6d6821025</id>\n  <rev>4-1279023492</rev>\n  <title>Save Me</title>\n  <page>...</page>\n  <created_at>2009-07-24 11:33:49</created_at>\n  <updated_at>2009-07-24 11:53:06</updated_at>\n</content>\n">

ActionController::RoutingError (content_url failed to generate from {:action=>"show", :controller=>"contents", :id=>#<Content:0x231d6f0 @updated_at="<?xml version=\"1.0\" encoding=\"UTF-8\"?>\n<content>\n  <id>ce268c348d185acc0614c9c6d6821025</id>\n  <rev>4-1279023492</rev>\n  <title>Save Me</title>\n  <page>...</page>\n  <created_at>2009-07-24 11:33:49</created_at>\n  <updated_at>2009-07-24 11:53:06</updated_at>\n</content>\n", @rev="<?xml version=\"1.0\" encoding=\"UTF-8\"?>\n<content>\n  <id>ce268c348d185acc0614c9c6d6821025</id>\n  <rev>4-1279023492</rev>\n  <title>Save Me</title>\n  <page>...</page>\n  <created_at>2009-07-24 11:33:49</created_at>\n  <updated_at>2009-07-24 11:53:06</updated_at>\n</content>\n", @created_at="<?xml version=\"1.0\" encoding=\"UTF-8\"?>\n<content>\n  <id>ce268c348d185acc0614c9c6d6821025</id>\n  <rev>4-1279023492</rev>\n  <title>Save Me</title>\n  <page>...</page>\n  <created_at>2009-07-24 11:33:49</created_at>\n  <updated_at>2009-07-24 11:53:06</updated_at>\n</content>\n", @id="<?xml version=\"1.0\" encoding=\"UTF-8\"?>\n<content>\n  <id>ce268c348d185acc0614c9c6d6821025</id>\n  <rev>4-1279023492</rev>\n  <title>Save Me</title>\n  <page>...</page>\n  <created_at>2009-07-24 11:33:49</created_at>\n  <updated_at>2009-07-24 11:53:06</updated_at>\n</content>\n", @page="<?xml version=\"1.0\" encoding=\"UTF-8\"?>\n<content>\n  <id>ce268c348d185acc0614c9c6d6821025</id>\n  <rev>4-1279023492</rev>\n  <title>Save Me</title>\n  <page>...</page>\n  <created_at>2009-07-24 11:33:49</created_at>\n  <updated_at>2009-07-24 11:53:06</updated_at>\n</content>\n", @title="<?xml version=\"1.0\" encoding=\"UTF-8\"?>\n<content>\n  <id>ce268c348d185acc0614c9c6d6821025</id>\n  <rev>4-1279023492</rev>\n  <title>Save Me</title>\n  <page>...</page>\n  <created_at>2009-07-24 11:33:49</created_at>\n  <updated_at>2009-07-24 11:53:06</updated_at>\n</content>\n">}, expected: {:controller=>"contents", :action=>"show"}, diff: {:id=>#<Content:0x231d6f0 @updated_at="<?xml version=\"1.0\" encoding=\"UTF-8\"?>\n<content>\n  <id>ce268c348d185acc0614c9c6d6821025</id>\n  <rev>4-1279023492</rev>\n  <title>Save Me</title>\n  <page>...</page>\n  <created_at>2009-07-24 11:33:49</created_at>\n  <updated_at>2009-07-24 11:53:06</updated_at>\n</content>\n", @rev="<?xml version=\"1.0\" encoding=\"UTF-8\"?>\n<content>\n  <id>ce268c348d185acc0614c9c6d6821025</id>\n  <rev>4-1279023492</rev>\n  <title>Save Me</title>\n  <page>...</page>\n  <created_at>2009-07-24 11:33:49</created_at>\n  <updated_at>2009-07-24 11:53:06</updated_at>\n</content>\n", @created_at="<?xml version=\"1.0\" encoding=\"UTF-8\"?>\n<content>\n  <id>ce268c348d185acc0614c9c6d6821025</id>\n  <rev>4-1279023492</rev>\n  <title>Save Me</title>\n  <page>...</page>\n  <created_at>2009-07-24 11:33:49</created_at>\n  <updated_at>2009-07-24 11:53:06</updated_at>\n</content>\n", @id="<?xml version=\"1.0\" encoding=\"UTF-8\"?>\n<content>\n  <id>ce268c348d185acc0614c9c6d6821025</id>\n  <rev>4-1279023492</rev>\n  <title>Save Me</title>\n  <page>...</page>\n  <created_at>2009-07-24 11:33:49</created_at>\n  <updated_at>2009-07-24 11:53:06</updated_at>\n</content>\n", @page="<?xml version=\"1.0\" encoding=\"UTF-8\"?>\n<content>\n  <id>ce268c348d185acc0614c9c6d6821025</id>\n  <rev>4-1279023492</rev>\n  <title>Save Me</title>\n  <page>...</page>\n  <created_at>2009-07-24 11:33:49</created_at>\n  <updated_at>2009-07-24 11:53:06</updated_at>\n</content>\n", @title="<?xml version=\"1.0\" encoding=\"UTF-8\"?>\n<content>\n  <id>ce268c348d185acc0614c9c6d6821025</id>\n  <rev>4-1279023492</rev>\n  <title>Save Me</title>\n  <page>...</page>\n  <created_at>2009-07-24 11:33:49</created_at>\n  <updated_at>2009-07-24 11:53:06</updated_at>\n</content>\n">}):
  (eval):16:in `content_url'
  app/controllers/contents_controller.rb:65:in `update'
  app/controllers/contents_controller.rb:62:in `update'

Rendering rescues/layout (not_found)


Processing ContentsController#update (for 127.0.0.1 at 2009-07-24 11:54:16) [PUT]
  Parameters: {"commit"=>"Update", "authenticity_token"=>"JFmIYmveN0lGPtwqp0MO8KIoZumCH6dUvFdZ5LxmImU=", "id"=>"ce268c348d185acc0614c9c6d6821025", "content"=>{"title"=>"Save Me", "page"=>"..."}}
Refetched existing content data = <?xml version="1.0" encoding="UTF-8"?>
<content>
  <id>ce268c348d185acc0614c9c6d6821025</id>
  <rev>5-4184885059</rev>
  <title>Save Me</title>
  <page>...</page>
  <created_at>2009-07-24 11:33:49</created_at>
  <updated_at>2009-07-24 11:54:16</updated_at>
</content>
Set Attributes - #<Content:0x25c9520 @updated_at=["2009-07-24 11:54:16"], @rev=["5-4184885059"], @created_at=["2009-07-24 11:33:49"], @id=["ce268c348d185acc0614c9c6d6821025"], @page=["..."], @title=["Save Me"]>

TypeError (can't convert Array into String):
  generated code (actionpack (2.3.2) lib/action_controller/routing/route.rb:160):6:in `generate_raw'
  (eval):16:in `content_url'
  app/controllers/contents_controller.rb:65:in `update'
  app/controllers/contents_controller.rb:62:in `update'

Rendered rescues/_trace (39.3ms)
Rendered rescues/_request_and_response (0.3ms)
Rendering rescues/layout (internal_server_error)
