# Logfile created on Mon Jun 15 15:26:53 -0600 2009

Processing CurriculumContentsController#index (for 127.0.0.1 at 2009-06-15 15:26:58) [GET]
Rendering template within layouts/curriculum_contents
Rendering curriculum_contents/index
Completed in 201ms (View: 26 | 200 OK [http://localhost/curriculum_contents]


Processing CurriculumContentsController#index (for 127.0.0.1 at 2009-06-15 15:27:26) [GET]
Rendering template within layouts/curriculum_contents
Rendering curriculum_contents/index
Completed in 58ms (View: 14 | 200 OK [http://localhost/curriculum_contents]


Processing CurriculumContentsController#show (for 127.0.0.1 at 2009-06-15 15:27:29) [GET]
  Parameters: {"id"=>"623bbbf07e1408928186db5c84a3d532"}
Rendering template within layouts/curriculum_contents
Rendering curriculum_contents/show
Completed in 74ms (View: 66 | 200 OK [http://localhost/curriculum_contents/623bbbf07e1408928186db5c84a3d532]


Processing CurriculumContentsController#show (for 127.0.0.1 at 2009-06-15 15:27:52) [GET]
  Parameters: {"id"=>"623bbbf07e1408928186db5c84a3d532"}
Rendering template within layouts/curriculum_contents
Rendering curriculum_contents/show
Completed in 24ms (View: 15 | 200 OK [http://localhost/curriculum_contents/623bbbf07e1408928186db5c84a3d532]


Processing CurriculumContentsController#index (for 127.0.0.1 at 2009-06-15 15:27:53) [GET]
Rendering template within layouts/curriculum_contents
Rendering curriculum_contents/index
Completed in 42ms (View: 14 | 200 OK [http://localhost/curriculum_contents]


Processing CurriculumContentsController#index (for 127.0.0.1 at 2009-06-15 15:28:01) [GET]
Rendering template within layouts/curriculum_contents
Rendering curriculum_contents/index
Completed in 203ms (View: 26 | 200 OK [http://localhost/curriculum_contents]


Processing CurriculumContentsController#show (for 127.0.0.1 at 2009-06-15 15:28:02) [GET]
  Parameters: {"id"=>"623bbbf07e1408928186db5c84a3d532"}
Rendering template within layouts/curriculum_contents
Rendering curriculum_contents/show
Completed in 24ms (View: 16 | 200 OK [http://localhost/curriculum_contents/623bbbf07e1408928186db5c84a3d532]


Processing CurriculumContentsController#index (for 127.0.0.1 at 2009-06-15 15:28:04) [GET]
Rendering template within layouts/curriculum_contents
Rendering curriculum_contents/index
Completed in 90ms (View: 63 | 200 OK [http://localhost/curriculum_contents]


Processing CurriculumContentsController#edit (for 127.0.0.1 at 2009-06-15 15:28:05) [GET]
  Parameters: {"id"=>"623bbbf07e1408928186db5c84a3d532"}
Rendering template within layouts/curriculum_contents
Rendering curriculum_contents/edit
Completed in 107ms (View: 38 | 200 OK [http://localhost/curriculum_contents/623bbbf07e1408928186db5c84a3d532/edit]


Processing CurriculumContentsController#index (for 127.0.0.1 at 2009-06-15 15:28:08) [GET]
Rendering template within layouts/curriculum_contents
Rendering curriculum_contents/index
Completed in 42ms (View: 16 | 200 OK [http://localhost/curriculum_contents]


Processing CurriculumContentsController#index (for 127.0.0.1 at 2009-06-15 15:28:16) [GET]
Rendering template within layouts/curriculum_contents
Rendering curriculum_contents/index
Completed in 42ms (View: 14 | 200 OK [http://localhost/curriculum_contents]


Processing CurriculumContentsController#show (for 127.0.0.1 at 2009-06-15 15:28:20) [GET]
  Parameters: {"id"=>"623bbbf07e1408928186db5c84a3d532"}
Rendering template within layouts/curriculum_contents
Rendering curriculum_contents/show
Completed in 19ms (View: 12 | 200 OK [http://localhost/curriculum_contents/623bbbf07e1408928186db5c84a3d532]


Processing CurriculumContentsController#index (for 127.0.0.1 at 2009-06-15 15:28:23) [GET]
Rendering template within layouts/curriculum_contents
Rendering curriculum_contents/index
Completed in 88ms (View: 14 | 200 OK [http://localhost/curriculum_contents]


Processing CurriculumContentsController#index (for 127.0.0.1 at 2009-06-15 15:28:39) [GET]
Rendering template within layouts/curriculum_contents
Rendering curriculum_contents/index
Completed in 199ms (View: 24 | 200 OK [http://localhost/curriculum_contents]


Processing CurriculumContentsController#show (for 127.0.0.1 at 2009-06-15 15:28:41) [GET]
  Parameters: {"id"=>"623bbbf07e1408928186db5c84a3d532"}
Rendering template within layouts/curriculum_contents
Rendering curriculum_contents/show
Completed in 25ms (View: 16 | 200 OK [http://localhost/curriculum_contents/623bbbf07e1408928186db5c84a3d532]


Processing CurriculumContentsController#index (for 127.0.0.1 at 2009-06-15 15:28:43) [GET]
Rendering template within layouts/curriculum_contents
Rendering curriculum_contents/index
Completed in 97ms (View: 17 | 200 OK [http://localhost/curriculum_contents]


Processing CurriculumContentsController#edit (for 127.0.0.1 at 2009-06-15 15:28:44) [GET]
  Parameters: {"id"=>"623bbbf07e1408928186db5c84a3d532"}
Rendering template within layouts/curriculum_contents
Rendering curriculum_contents/edit

ActionView::TemplateError (undefined method `count' for {}:Hash) on line #4 of app/views/curriculum_contents/edit.html.erb:
1: <h1>Editing curriculum_content</h1>
2: 
3: <% form_for(@curriculum_content, :url => curriculum_content_path(@curriculum_content.id), :html => {:method => :put}) do |f| %>
4:   <%= f.error_messages %>
5: 
6:   <p>
7:     <%= f.label :topic_id %><br />

    couchrest (0.28) [v] lib/couchrest/mixins/./validation/validation_errors.rb:108:in `send'
    couchrest (0.28) [v] lib/couchrest/mixins/./validation/validation_errors.rb:108:in `method_missing'
    app/views/curriculum_contents/edit.html.erb:4
    app/views/curriculum_contents/edit.html.erb:3

Rendered rescues/_trace (47.8ms)
Rendered rescues/_request_and_response (1.4ms)
Rendering rescues/layout (internal_server_error)


Processing CurriculumContentsController#edit (for 127.0.0.1 at 2009-06-15 15:29:26) [GET]
  Parameters: {"id"=>"623bbbf07e1408928186db5c84a3d532"}
Rendering template within layouts/curriculum_contents
Rendering curriculum_contents/edit
Completed in 39ms (View: 32 | 200 OK [http://localhost/curriculum_contents/623bbbf07e1408928186db5c84a3d532/edit]


Processing CurriculumContentsController#index (for 127.0.0.1 at 2009-06-15 15:29:28) [GET]
Rendering template within layouts/curriculum_contents
Rendering curriculum_contents/index
Completed in 99ms (View: 17 | 200 OK [http://localhost/curriculum_contents]


Processing CurriculumContentsController#show (for 127.0.0.1 at 2009-06-15 15:29:29) [GET]
  Parameters: {"id"=>"623bbbf07e1408928186db5c84a3d532"}
Rendering template within layouts/curriculum_contents
Rendering curriculum_contents/show
Completed in 22ms (View: 14 | 200 OK [http://localhost/curriculum_contents/623bbbf07e1408928186db5c84a3d532]


Processing CurriculumContentsController#index (for 127.0.0.1 at 2009-06-15 15:29:31) [GET]
Rendering template within layouts/curriculum_contents
Rendering curriculum_contents/index
Completed in 41ms (View: 15 | 200 OK [http://localhost/curriculum_contents]


Processing CurriculumContentsController#edit (for 127.0.0.1 at 2009-06-15 15:29:32) [GET]
  Parameters: {"id"=>"623bbbf07e1408928186db5c84a3d532"}
Rendering template within layouts/curriculum_contents
Rendering curriculum_contents/edit
Completed in 39ms (View: 32 | 200 OK [http://localhost/curriculum_contents/623bbbf07e1408928186db5c84a3d532/edit]


Processing CurriculumContentsController#index (for 127.0.0.1 at 2009-06-15 15:29:34) [GET]
Rendering template within layouts/curriculum_contents
Rendering curriculum_contents/index
Completed in 83ms (View: 56 | 200 OK [http://localhost/curriculum_contents]


Processing CurriculumContentsController#index (for 127.0.0.1 at 2009-06-15 15:29:46) [GET]
Rendering template within layouts/curriculum_contents
Rendering curriculum_contents/index
Completed in 42ms (View: 15 | 200 OK [http://localhost/curriculum_contents]


Processing CurriculumContentsController#new (for 127.0.0.1 at 2009-06-15 15:29:47) [GET]
Rendering template within layouts/curriculum_contents
Rendering curriculum_contents/new
Completed in 65ms (View: 60 | 200 OK [http://localhost/curriculum_contents/new]


Processing CurriculumContentsController#create (for 127.0.0.1 at 2009-06-15 15:29:56) [POST]
  Parameters: {"commit"=>"Create", "curriculum_content"=>{"topic_id"=>"a3204f7d9a2f2fe26984fb1f8901fdcf", "language"=>"ke", "grade_range"=>"ksd", "content_item"=>"ksks", "research_stage"=>"Skdk"}, "authenticity_token"=>"eOVYnzf9SswSwCmzqZ54C4Cs+KQGrpTiEC8DRBSBzpg="}
Redirected to http://localhost:3000/curriculum_contents?_id=558ec661c5bec9e9803d074047a48e4b&_rev=1-133032247&content_item=ksks&couchrest-type=CurriculumContent&created_at=Mon+Jun+15+15%3A29%3A56+-0600+2009&grade_range=ksd&language=ke&research_stage=Skdk&topic_id=a3204f7d9a2f2fe26984fb1f8901fdcf&updated_at=Mon+Jun+15+15%3A29%3A56+-0600+2009
Completed in 36ms | 302 Found [http://localhost/curriculum_contents]


Processing CurriculumContentsController#index (for 127.0.0.1 at 2009-06-15 15:29:56) [GET]
  Parameters: {"topic_id"=>"a3204f7d9a2f2fe26984fb1f8901fdcf", "updated_at"=>"Mon Jun 15 15:29:56 -0600 2009", "language"=>"ke", "content_item"=>"ksks", "grade_range"=>"ksd", "_id"=>"558ec661c5bec9e9803d074047a48e4b", "_rev"=>"1-133032247", "research_stage"=>"Skdk", "couchrest-type"=>"CurriculumContent", "created_at"=>"Mon Jun 15 15:29:56 -0600 2009"}
Rendering template within layouts/curriculum_contents
Rendering curriculum_contents/index
Completed in 70ms (View: 27 | 200 OK [http://localhost/curriculum_contents?_id=558ec661c5bec9e9803d074047a48e4b&_rev=1-133032247&content_item=ksks&couchrest-type=CurriculumContent&created_at=Mon+Jun+15+15%3A29%3A56+-0600+2009&grade_range=ksd&language=ke&research_stage=Skdk&topic_id=a3204f7d9a2f2fe26984fb1f8901fdcf&updated_at=Mon+Jun+15+15%3A29%3A56+-0600+2009]


Processing CurriculumContentsController#new (for 127.0.0.1 at 2009-06-15 15:30:00) [GET]
Rendering template within layouts/curriculum_contents
Rendering curriculum_contents/new
Completed in 84ms (View: 80 | 200 OK [http://localhost/curriculum_contents/new]


Processing CurriculumContentsController#create (for 127.0.0.1 at 2009-06-15 15:30:10) [POST]
  Parameters: {"commit"=>"Create", "curriculum_content"=>{"topic_id"=>"fa70c895cd579f9e4a2778f4902fabef", "language"=>"weuyfk", "grade_range"=>"mdks", "content_item"=>"owerk", "research_stage"=>"KOlsl"}, "authenticity_token"=>"eOVYnzf9SswSwCmzqZ54C4Cs+KQGrpTiEC8DRBSBzpg="}
Redirected to http://localhost:3000/curriculum_contents?_id=7519edcec54dfdf92be90de6459343e7&_rev=1-1178344938&content_item=owerk&couchrest-type=CurriculumContent&created_at=Mon+Jun+15+15%3A30%3A10+-0600+2009&grade_range=mdks&language=weuyfk&research_stage=KOlsl&topic_id=fa70c895cd579f9e4a2778f4902fabef&updated_at=Mon+Jun+15+15%3A30%3A10+-0600+2009
Completed in 13ms | 302 Found [http://localhost/curriculum_contents]


Processing CurriculumContentsController#index (for 127.0.0.1 at 2009-06-15 15:30:10) [GET]
  Parameters: {"topic_id"=>"fa70c895cd579f9e4a2778f4902fabef", "updated_at"=>"Mon Jun 15 15:30:10 -0600 2009", "language"=>"weuyfk", "content_item"=>"owerk", "grade_range"=>"mdks", "_id"=>"7519edcec54dfdf92be90de6459343e7", "_rev"=>"1-1178344938", "research_stage"=>"KOlsl", "couchrest-type"=>"CurriculumContent", "created_at"=>"Mon Jun 15 15:30:10 -0600 2009"}
Rendering template within layouts/curriculum_contents
Rendering curriculum_contents/index
Completed in 83ms (View: 37 | 200 OK [http://localhost/curriculum_contents?_id=7519edcec54dfdf92be90de6459343e7&_rev=1-1178344938&content_item=owerk&couchrest-type=CurriculumContent&created_at=Mon+Jun+15+15%3A30%3A10+-0600+2009&grade_range=mdks&language=weuyfk&research_stage=KOlsl&topic_id=fa70c895cd579f9e4a2778f4902fabef&updated_at=Mon+Jun+15+15%3A30%3A10+-0600+2009]


Processing CurriculumContentsController#index (for 127.0.0.1 at 2009-06-15 15:30:49) [GET]
  Parameters: {"topic_id"=>"fa70c895cd579f9e4a2778f4902fabef", "updated_at"=>"Mon Jun 15 15:30:10 -0600 2009", "language"=>"weuyfk", "content_item"=>"owerk", "grade_range"=>"mdks", "_id"=>"7519edcec54dfdf92be90de6459343e7", "_rev"=>"1-1178344938", "research_stage"=>"KOlsl", "couchrest-type"=>"CurriculumContent", "created_at"=>"Mon Jun 15 15:30:10 -0600 2009"}
Rendering template within layouts/curriculum_contents
Rendering curriculum_contents/index

ActionView::TemplateError (curriculum_content_url failed to generate from {:content_item=>"ksks", :language=>"ke", :grade_range=>"ksd", :action=>"show", :created_at=>Mon Jun 15 15:29:56 -0600 2009, :updated_at=>Mon Jun 15 15:29:56 -0600 2009, :"couchrest-type"=>"CurriculumContent", :_rev=>"1-133032247", :topic_id=>"a3204f7d9a2f2fe26984fb1f8901fdcf", :controller=>"curriculum_contents", :_id=>"558ec661c5bec9e9803d074047a48e4b", :research_stage=>"Skdk"}, expected: {:action=>"show", :controller=>"curriculum_contents"}, diff: {:content_item=>"ksks", :language=>"ke", :grade_range=>"ksd", :created_at=>Mon Jun 15 15:29:56 -0600 2009, :updated_at=>Mon Jun 15 15:29:56 -0600 2009, :"couchrest-type"=>"CurriculumContent", :_rev=>"1-133032247", :topic_id=>"a3204f7d9a2f2fe26984fb1f8901fdcf", :_id=>"558ec661c5bec9e9803d074047a48e4b", :research_stage=>"Skdk"}) on line #19 of app/views/curriculum_contents/index.html.erb:
16:     <td><%=h curriculum_content.content_item %></td>
17:     <td><%=h curriculum_content.language %></td>
18:     <td><%=h curriculum_content.grade_range %></td>
19:     <td><%= link_to 'Show', curriculum_content_path(curriculum_content) %></td>
20:     <td><%= link_to 'Edit', edit_curriculum_content_path(curriculum_content.id) %></td>
21:     <td><%= link_to 'Destroy', curriculum_content_path(curriculum_content.id), :confirm => 'Are you sure?', :method => :delete %></td>
22:   </tr>

    (eval):16:in `curriculum_content_path'
    app/views/curriculum_contents/index.html.erb:19
    app/views/curriculum_contents/index.html.erb:12:in `each'
    app/views/curriculum_contents/index.html.erb:12
    app/controllers/curriculum_contents_controller.rb:7:in `index'

Rendered rescues/_trace (94.3ms)
Rendered rescues/_request_and_response (0.4ms)
Rendering rescues/layout (internal_server_error)


Processing CurriculumContentsController#index (for 127.0.0.1 at 2009-06-15 15:31:03) [GET]
  Parameters: {"topic_id"=>"fa70c895cd579f9e4a2778f4902fabef", "updated_at"=>"Mon Jun 15 15:30:10 -0600 2009", "language"=>"weuyfk", "content_item"=>"owerk", "grade_range"=>"mdks", "_id"=>"7519edcec54dfdf92be90de6459343e7", "_rev"=>"1-1178344938", "research_stage"=>"KOlsl", "couchrest-type"=>"CurriculumContent", "created_at"=>"Mon Jun 15 15:30:10 -0600 2009"}
Rendering template within layouts/curriculum_contents
Rendering curriculum_contents/index

ActionView::TemplateError (curriculum_content_url failed to generate from {:content_item=>"ksks", :language=>"ke", :grade_range=>"ksd", :action=>"show", :created_at=>Mon Jun 15 15:29:56 -0600 2009, :updated_at=>Mon Jun 15 15:29:56 -0600 2009, :"couchrest-type"=>"CurriculumContent", :_rev=>"1-133032247", :topic_id=>"a3204f7d9a2f2fe26984fb1f8901fdcf", :controller=>"curriculum_contents", :_id=>"558ec661c5bec9e9803d074047a48e4b", :research_stage=>"Skdk"}, expected: {:action=>"show", :controller=>"curriculum_contents"}, diff: {:content_item=>"ksks", :language=>"ke", :grade_range=>"ksd", :created_at=>Mon Jun 15 15:29:56 -0600 2009, :updated_at=>Mon Jun 15 15:29:56 -0600 2009, :"couchrest-type"=>"CurriculumContent", :_rev=>"1-133032247", :topic_id=>"a3204f7d9a2f2fe26984fb1f8901fdcf", :_id=>"558ec661c5bec9e9803d074047a48e4b", :research_stage=>"Skdk"}) on line #19 of app/views/curriculum_contents/index.html.erb:
16:     <td><%=h curriculum_content.content_item %></td>
17:     <td><%=h curriculum_content.language %></td>
18:     <td><%=h curriculum_content.grade_range %></td>
19:     <td><%= link_to 'Show', curriculum_content_path(curriculum_content) %></td>
20:     <td><%= link_to 'Edit', edit_curriculum_content_path(curriculum_content.id) %></td>
21:     <td><%= link_to 'Destroy', curriculum_content_path(curriculum_content.id), :confirm => 'Are you sure?', :method => :delete %></td>
22:   </tr>

    (eval):16:in `curriculum_content_path'
    app/views/curriculum_contents/index.html.erb:19
    app/views/curriculum_contents/index.html.erb:12:in `each'
    app/views/curriculum_contents/index.html.erb:12
    app/controllers/curriculum_contents_controller.rb:7:in `index'

Rendered rescues/_trace (111.2ms)
Rendered rescues/_request_and_response (0.4ms)
Rendering rescues/layout (internal_server_error)


Processing CurriculumContentsController#index (for 127.0.0.1 at 2009-06-15 15:31:09) [GET]
Rendering template within layouts/curriculum_contents
Rendering curriculum_contents/index

ActionView::TemplateError (curriculum_content_url failed to generate from {:content_item=>"ksks", :language=>"ke", :grade_range=>"ksd", :action=>"show", :created_at=>Mon Jun 15 15:29:56 -0600 2009, :updated_at=>Mon Jun 15 15:29:56 -0600 2009, :"couchrest-type"=>"CurriculumContent", :_rev=>"1-133032247", :topic_id=>"a3204f7d9a2f2fe26984fb1f8901fdcf", :controller=>"curriculum_contents", :_id=>"558ec661c5bec9e9803d074047a48e4b", :research_stage=>"Skdk"}, expected: {:action=>"show", :controller=>"curriculum_contents"}, diff: {:content_item=>"ksks", :language=>"ke", :grade_range=>"ksd", :created_at=>Mon Jun 15 15:29:56 -0600 2009, :updated_at=>Mon Jun 15 15:29:56 -0600 2009, :"couchrest-type"=>"CurriculumContent", :_rev=>"1-133032247", :topic_id=>"a3204f7d9a2f2fe26984fb1f8901fdcf", :_id=>"558ec661c5bec9e9803d074047a48e4b", :research_stage=>"Skdk"}) on line #19 of app/views/curriculum_contents/index.html.erb:
16:     <td><%=h curriculum_content.content_item %></td>
17:     <td><%=h curriculum_content.language %></td>
18:     <td><%=h curriculum_content.grade_range %></td>
19:     <td><%= link_to 'Show', curriculum_content_path(curriculum_content) %></td>
20:     <td><%= link_to 'Edit', edit_curriculum_content_path(curriculum_content.id) %></td>
21:     <td><%= link_to 'Destroy', curriculum_content_path(curriculum_content.id), :confirm => 'Are you sure?', :method => :delete %></td>
22:   </tr>

    (eval):16:in `curriculum_content_path'
    app/views/curriculum_contents/index.html.erb:19
    app/views/curriculum_contents/index.html.erb:12:in `each'
    app/views/curriculum_contents/index.html.erb:12
    app/controllers/curriculum_contents_controller.rb:7:in `index'

Rendered rescues/_trace (45.8ms)
Rendered rescues/_request_and_response (0.3ms)
Rendering rescues/layout (internal_server_error)


Processing CurriculumContentsController#index (for 127.0.0.1 at 2009-06-15 15:31:29) [GET]
Rendering template within layouts/curriculum_contents
Rendering curriculum_contents/index

ActionView::TemplateError (curriculum_content_url failed to generate from {:content_item=>"ksks", :language=>"ke", :grade_range=>"ksd", :action=>"show", :created_at=>Mon Jun 15 15:29:56 -0600 2009, :updated_at=>Mon Jun 15 15:29:56 -0600 2009, :"couchrest-type"=>"CurriculumContent", :_rev=>"1-133032247", :topic_id=>"a3204f7d9a2f2fe26984fb1f8901fdcf", :controller=>"curriculum_contents", :_id=>"558ec661c5bec9e9803d074047a48e4b", :research_stage=>"Skdk"}, expected: {:action=>"show", :controller=>"curriculum_contents"}, diff: {:content_item=>"ksks", :language=>"ke", :grade_range=>"ksd", :created_at=>Mon Jun 15 15:29:56 -0600 2009, :updated_at=>Mon Jun 15 15:29:56 -0600 2009, :"couchrest-type"=>"CurriculumContent", :_rev=>"1-133032247", :topic_id=>"a3204f7d9a2f2fe26984fb1f8901fdcf", :_id=>"558ec661c5bec9e9803d074047a48e4b", :research_stage=>"Skdk"}) on line #19 of app/views/curriculum_contents/index.html.erb:
16:     <td><%=h curriculum_content.content_item %></td>
17:     <td><%=h curriculum_content.language %></td>
18:     <td><%=h curriculum_content.grade_range %></td>
19:     <td><%= link_to 'Show', curriculum_content_path(curriculum_content) %></td>
20:     <td><%= link_to 'Edit', edit_curriculum_content_path(curriculum_content.id) %></td>
21:     <td><%= link_to 'Destroy', curriculum_content_path(curriculum_content.id), :confirm => 'Are you sure?', :method => :delete %></td>
22:   </tr>

    (eval):16:in `curriculum_content_path'
    app/views/curriculum_contents/index.html.erb:19
    app/views/curriculum_contents/index.html.erb:12:in `each'
    app/views/curriculum_contents/index.html.erb:12
    app/controllers/curriculum_contents_controller.rb:7:in `index'

Rendered rescues/_trace (46.9ms)
Rendered rescues/_request_and_response (0.3ms)
Rendering rescues/layout (internal_server_error)


Processing CurriculumContentsController#index (for 127.0.0.1 at 2009-06-15 15:34:24) [GET]
Rendering template within layouts/curriculum_contents
Rendering curriculum_contents/index
Completed in 69ms (View: 35 | 200 OK [http://localhost/curriculum_contents]


Processing TopicsController#index (for 127.0.0.1 at 2009-06-15 16:16:27) [GET]
Rendering template within layouts/topics
Rendering topics/index
Completed in 525ms (View: 12 | 200 OK [http://localhost/topics]


Processing CurriculumContentsController#index (for 127.0.0.1 at 2009-06-15 16:16:45) [GET]
Rendering template within layouts/curriculum_contents
Rendering curriculum_contents/index
Completed in 261ms (View: 11 | 200 OK [http://localhost/curriculum_contents]


Processing TopicsController#index (for 127.0.0.1 at 2009-06-19 09:15:41) [GET]
Rendering template within layouts/topics
Rendering topics/index
Completed in 385ms (View: 102 | 200 OK [http://localhost/topics]


Processing TopicsController#new (for 127.0.0.1 at 2009-06-19 09:16:33) [GET]
Rendering template within layouts/topics
Rendering topics/new
Completed in 690ms (View: 686 | 200 OK [http://localhost/topics/new]


Processing TopicsController#create (for 127.0.0.1 at 2009-06-19 09:16:41) [POST]
  Parameters: {"commit"=>"Create", "authenticity_token"=>"meO+zhFZipoYk4uSkkJLrA3ykVT6ecXnALH4azjVEBc=", "topic"=>{"title"=>"Study", "description"=>"sdfkljsldf"}}
Redirected to http://localhost:3000/topics?_id=7ba16966630bdafaf8a9948f359d7f2e&_rev=1-2508964023&couchrest-type=Topic&created_at=Fri+Jun+19+09%3A16%3A41+-0600+2009&description=sdfkljsldf&title=Study&updated_at=Fri+Jun+19+09%3A16%3A41+-0600+2009
Completed in 35ms | 302 Found [http://localhost/topics]


Processing TopicsController#index (for 127.0.0.1 at 2009-06-19 09:16:41) [GET]
  Parameters: {"updated_at"=>"Fri Jun 19 09:16:41 -0600 2009", "title"=>"Study", "_id"=>"7ba16966630bdafaf8a9948f359d7f2e", "_rev"=>"1-2508964023", "description"=>"sdfkljsldf", "couchrest-type"=>"Topic", "created_at"=>"Fri Jun 19 09:16:41 -0600 2009"}
Rendering template within layouts/topics
Rendering topics/index
Completed in 151ms (View: 3 | 200 OK [http://localhost/topics?_id=7ba16966630bdafaf8a9948f359d7f2e&_rev=1-2508964023&couchrest-type=Topic&created_at=Fri+Jun+19+09%3A16%3A41+-0600+2009&description=sdfkljsldf&title=Study&updated_at=Fri+Jun+19+09%3A16%3A41+-0600+2009]


Processing TopicsController#show (for 127.0.0.1 at 2009-06-19 09:16:43) [GET]
  Parameters: {"id"=>"7ba16966630bdafaf8a9948f359d7f2e"}
Rendering template within layouts/topics
Rendering topics/show
Completed in 79ms (View: 70 | 200 OK [http://localhost/topics/7ba16966630bdafaf8a9948f359d7f2e]


Processing CurriculumContentsController#index (for 127.0.0.1 at 2009-06-19 09:17:46) [GET]
Rendering template within layouts/curriculum_contents
Rendering curriculum_contents/index
Completed in 32ms (View: 10 | 200 OK [http://localhost/curriculum_contents]


Processing CurriculumContentsController#new (for 127.0.0.1 at 2009-06-19 09:18:02) [GET]
Rendering template within layouts/curriculum_contents
Rendering curriculum_contents/new
Completed in 52ms (View: 48 | 200 OK [http://localhost/curriculum_contents/new]


Processing CurriculumContentsController#create (for 127.0.0.1 at 2009-06-19 09:18:29) [POST]
  Parameters: {"commit"=>"Create", "curriculum_content"=>{"topic_id"=>"7ba16966630bdafaf8a9948f359d7f2e", "language"=>"en", "grade_range"=>"Primary", "content_item"=>"sdlkfj", "research_stage"=>"Observe Nature"}, "authenticity_token"=>"meO+zhFZipoYk4uSkkJLrA3ykVT6ecXnALH4azjVEBc="}
Redirected to http://localhost:3000/curriculum_contents?_id=c09837d7619ce5e5ec5f3b9d3be41f72&_rev=1-2107343855&content_item=sdlkfj&couchrest-type=CurriculumContent&created_at=Fri+Jun+19+09%3A18%3A29+-0600+2009&grade_range=Primary&language=en&research_stage=Observe+Nature&topic_id=7ba16966630bdafaf8a9948f359d7f2e&updated_at=Fri+Jun+19+09%3A18%3A29+-0600+2009
Completed in 10ms | 302 Found [http://localhost/curriculum_contents]


Processing CurriculumContentsController#index (for 127.0.0.1 at 2009-06-19 09:18:29) [GET]
  Parameters: {"topic_id"=>"7ba16966630bdafaf8a9948f359d7f2e", "updated_at"=>"Fri Jun 19 09:18:29 -0600 2009", "language"=>"en", "content_item"=>"sdlkfj", "grade_range"=>"Primary", "_id"=>"c09837d7619ce5e5ec5f3b9d3be41f72", "_rev"=>"1-2107343855", "research_stage"=>"Observe Nature", "couchrest-type"=>"CurriculumContent", "created_at"=>"Fri Jun 19 09:18:29 -0600 2009"}
Rendering template within layouts/curriculum_contents
Rendering curriculum_contents/index
Completed in 86ms (View: 12 | 200 OK [http://localhost/curriculum_contents?_id=c09837d7619ce5e5ec5f3b9d3be41f72&_rev=1-2107343855&content_item=sdlkfj&couchrest-type=CurriculumContent&created_at=Fri+Jun+19+09%3A18%3A29+-0600+2009&grade_range=Primary&language=en&research_stage=Observe+Nature&topic_id=7ba16966630bdafaf8a9948f359d7f2e&updated_at=Fri+Jun+19+09%3A18%3A29+-0600+2009]


Processing TopicsController#index (for 127.0.0.1 at 2009-06-19 09:18:39) [GET]
Rendering template within layouts/topics
Rendering topics/index
Completed in 31ms (View: 2 | 200 OK [http://localhost/topics]


Processing TopicsController#show (for 127.0.0.1 at 2009-06-19 09:18:41) [GET]
  Parameters: {"id"=>"7ba16966630bdafaf8a9948f359d7f2e"}
Rendering template within layouts/topics
Rendering topics/show
Completed in 34ms (View: 27 | 200 OK [http://localhost/topics/7ba16966630bdafaf8a9948f359d7f2e]


Processing TopicsController#edit (for 127.0.0.1 at 2009-06-19 09:22:15) [GET]
  Parameters: {"id"=>"7ba16966630bdafaf8a9948f359d7f2e"}
Rendering template within layouts/topics
Rendering topics/edit
Completed in 36ms (View: 29 | 200 OK [http://localhost/topics/7ba16966630bdafaf8a9948f359d7f2e/edit]


Processing TopicsController#update (for 127.0.0.1 at 2009-06-19 09:22:21) [PUT]
  Parameters: {"commit"=>"Update", "authenticity_token"=>"meO+zhFZipoYk4uSkkJLrA3ykVT6ecXnALH4azjVEBc=", "topic"=>{"title"=>"Study", "description"=>"what was I thinking?"}, "id"=>"7ba16966630bdafaf8a9948f359d7f2e"}
Redirected to http://localhost:3000/topics/7ba16966630bdafaf8a9948f359d7f2e?_id=7ba16966630bdafaf8a9948f359d7f2e&_rev=2-1248524896&couchrest-type=Topic&created_at=Fri+Jun+19+09%3A16%3A41+-0600+2009&description=what+was+I+thinking%3F&title=Study&updated_at=Fri+Jun+19+09%3A22%3A21+-0600+2009
Completed in 12ms | 302 Found [http://localhost/topics/7ba16966630bdafaf8a9948f359d7f2e]


Processing TopicsController#show (for 127.0.0.1 at 2009-06-19 09:22:21) [GET]
  Parameters: {"updated_at"=>"Fri Jun 19 09:22:21 -0600 2009", "title"=>"Study", "_id"=>"7ba16966630bdafaf8a9948f359d7f2e", "_rev"=>"2-1248524896", "id"=>"7ba16966630bdafaf8a9948f359d7f2e", "description"=>"what was I thinking?", "couchrest-type"=>"Topic", "created_at"=>"Fri Jun 19 09:16:41 -0600 2009"}
Rendering template within layouts/topics
Rendering topics/show
Completed in 45ms (View: 37 | 200 OK [http://localhost/topics/7ba16966630bdafaf8a9948f359d7f2e?_id=7ba16966630bdafaf8a9948f359d7f2e&_rev=2-1248524896&couchrest-type=Topic&created_at=Fri+Jun+19+09%3A16%3A41+-0600+2009&description=what+was+I+thinking%3F&title=Study&updated_at=Fri+Jun+19+09%3A22%3A21+-0600+2009]


Processing TopicsController#show (for 127.0.0.1 at 2009-06-19 09:28:09) [GET]
  Parameters: {"updated_at"=>"Fri Jun 19 09:22:21 -0600 2009", "title"=>"Study", "_id"=>"7ba16966630bdafaf8a9948f359d7f2e", "_rev"=>"2-1248524896", "id"=>"7ba16966630bdafaf8a9948f359d7f2e", "description"=>"what was I thinking?", "couchrest-type"=>"Topic", "created_at"=>"Fri Jun 19 09:16:41 -0600 2009"}
Rendering template within layouts/topics
Rendering topics/show
Completed in 83ms (View: 31 | 200 OK [http://localhost/topics/7ba16966630bdafaf8a9948f359d7f2e?_id=7ba16966630bdafaf8a9948f359d7f2e&_rev=2-1248524896&couchrest-type=Topic&created_at=Fri+Jun+19+09%3A16%3A41+-0600+2009&description=what+was+I+thinking%3F&title=Study&updated_at=Fri+Jun+19+09%3A22%3A21+-0600+2009]


Processing CurriculumContentsController#index (for 127.0.0.1 at 2009-07-13 13:51:27) [GET]
Rendering template within layouts/curriculum_contents
Rendering curriculum_contents/index
Completed in 603ms (View: 268 | 200 OK [http://localhost/curriculum_contents]


Processing CurriculumContentsController#show (for 127.0.0.1 at 2009-07-13 13:51:32) [GET]
  Parameters: {"id"=>"c09837d7619ce5e5ec5f3b9d3be41f72"}
Rendering template within layouts/curriculum_contents
Rendering curriculum_contents/show
Completed in 26ms (View: 19 | 200 OK [http://localhost/curriculum_contents/c09837d7619ce5e5ec5f3b9d3be41f72]


Processing ContentsController#index (for 127.0.0.1 at 2009-07-14 10:39:44) [GET]
Rendering template within layouts/contents
Rendering contents/index
Completed in 892ms (View: 558 | 200 OK [http://localhost/contents]


Processing ContentsController#new (for 127.0.0.1 at 2009-07-14 10:39:48) [GET]
Rendering template within layouts/contents
Rendering contents/new
Completed in 8ms (View: 5 | 200 OK [http://localhost/contents/new]


Processing ContentsController#create (for 127.0.0.1 at 2009-07-14 10:40:21) [POST]
  Parameters: {"commit"=>"Create", "authenticity_token"=>"zWB++rhb+2x2bWJVH9PPJqg+DR+n/Z60OVTQsqejk4Q=", "content"=>{"title"=>"First Rockin", "page"=>"<html><body><h3>Rockin</h3></body></html>"}}

ArgumentError (wrong number of arguments (2 for 1)):
  json (1.1.3) [v] lib/json/pure/generator.rb:251:in `to_json'
  json (1.1.3) [v] lib/json/pure/generator.rb:251:in `json_transform'
  json (1.1.3) [v] lib/json/pure/generator.rb:251:in `map'
  json (1.1.3) [v] lib/json/pure/generator.rb:245:in `each'
  json (1.1.3) [v] lib/json/pure/generator.rb:245:in `map'
  json (1.1.3) [v] lib/json/pure/generator.rb:245:in `json_transform'
  json (1.1.3) [v] lib/json/pure/generator.rb:218:in `to_json'
  couchrest (0.30) [v] lib/couchrest.rb:167:in `post'
  couchrest (0.30) [v] lib/couchrest/core/database.rb:159:in `save_doc'
  couchrest (0.30) [v] lib/couchrest/more/extended_document.rb:202:in `save_without_callbacks'
  couchrest (0.30) [v] lib/couchrest/more/extended_document.rb:189:in `save'
  couchrest (0.30) [v] lib/couchrest/mixins/callbacks.rb:380:in `_run_save_callbacks'
  couchrest (0.30) [v] lib/couchrest/more/extended_document.rb:188:in `save'
  couchrest (0.30) [v] lib/couchrest/more/extended_document.rb:186:in `catch'
  couchrest (0.30) [v] lib/couchrest/more/extended_document.rb:186:in `save'
  app/controllers/contents_controller.rb:46:in `create'
  app/controllers/contents_controller.rb:45:in `create'

Rendered rescues/_trace (43.8ms)
Rendered rescues/_request_and_response (1.4ms)
Rendering rescues/layout (internal_server_error)


Processing ContentsController#create (for 127.0.0.1 at 2009-07-14 10:45:08) [POST]
  Parameters: {"commit"=>"Create", "authenticity_token"=>"zWB++rhb+2x2bWJVH9PPJqg+DR+n/Z60OVTQsqejk4Q=", "content"=>{"title"=>"First Rockin", "page"=>"<html><body><h3>Rockin</h3></body></html>"}}
Redirected to http://localhost:3000/contents?_id=0eadf43aef490e3ecf860ca283be24ef&_rev=1-380913859&couchrest-type=Content&created_at=Tue+Jul+14+10%3A45%3A09+-0600+2009&page=%3Chtml%3E%3Cbody%3E%3Ch3%3ERockin%3C%2Fh3%3E%3C%2Fbody%3E%3C%2Fhtml%3E&title=First+Rockin&updated_at=Tue+Jul+14+10%3A45%3A09+-0600+2009
Completed in 251ms | 302 Found [http://localhost/contents]


Processing ContentsController#index (for 127.0.0.1 at 2009-07-14 10:45:09) [GET]
  Parameters: {"updated_at"=>"Tue Jul 14 10:45:09 -0600 2009", "title"=>"First Rockin", "_id"=>"0eadf43aef490e3ecf860ca283be24ef", "_rev"=>"1-380913859", "page"=>"<html><body><h3>Rockin</h3></body></html>", "couchrest-type"=>"Content", "created_at"=>"Tue Jul 14 10:45:09 -0600 2009"}
Rendering template within layouts/contents
Rendering contents/index
Completed in 45ms (View: 28 | 200 OK [http://localhost/contents?_id=0eadf43aef490e3ecf860ca283be24ef&_rev=1-380913859&couchrest-type=Content&created_at=Tue+Jul+14+10%3A45%3A09+-0600+2009&page=%3Chtml%3E%3Cbody%3E%3Ch3%3ERockin%3C%2Fh3%3E%3C%2Fbody%3E%3C%2Fhtml%3E&title=First+Rockin&updated_at=Tue+Jul+14+10%3A45%3A09+-0600+2009]


Processing ContentsController#index to xml (for 127.0.0.1 at 2009-07-14 10:48:49) [GET]
Completed in 70ms (View: 54 | 200 OK [http://localhost/contents.xml]


Processing ApplicationController#index (for 127.0.0.1 at 2009-07-14 10:48:56) [GET]

ActionController::RoutingError (No route matches "/content.xml" with {:method=>:get}):
  

Rendering rescues/layout (not_found)


Processing ContentsController#index to xml (for 127.0.0.1 at 2009-07-14 10:49:02) [GET]
Completed in 29ms (View: 7 | 200 OK [http://localhost/contents.xml]


Processing ContentsController#index to xml (for 127.0.0.1 at 2009-07-14 10:52:12) [GET]
Completed in 25ms (View: 7 | 200 OK [http://localhost/contents.xml]


Processing ApplicationController#index (for 127.0.0.1 at 2009-07-14 12:20:03) [GET]

ActionController::RoutingError (No route matches "//contents" with {:method=>:get}):
  

Rendering rescues/layout (not_found)


Processing ContentsController#index (for 127.0.0.1 at 2009-07-14 12:20:25) [GET]
Completed in 26ms (View: 8 | 200 OK [http://localhost/contents]


Processing ContentsController#index (for 127.0.0.1 at 2009-07-14 12:20:48) [GET]
Completed in 311ms (View: 11 | 200 OK [http://localhost/contents]


Processing ContentsController#index (for 127.0.0.1 at 2009-07-14 12:22:24) [GET]
Completed in 79ms (View: 62 | 200 OK [http://localhost/contents]


Processing ContentsController#index (for 127.0.0.1 at 2009-07-14 12:22:33) [GET]
Completed in 44ms (View: 23 | 200 OK [http://localhost/contents]


Processing ContentsController#index (for 127.0.0.1 at 2009-07-14 13:30:31) [GET]
Completed in 25ms (View: 8 | 200 OK [http://localhost/contents]


Processing ContentsController#index (for 127.0.0.1 at 2009-07-14 14:39:21) [GET]

SyntaxError (/Users/marty/projects/globe/couchcms/app/models/content.rb:26: syntax error, unexpected tIDENTIFIER, expecting kEND
      xml.created_at(:type => "datetime")    created_at.to_s(:db)
                                                       ^):
  app/controllers/contents_controller.rb:5:in `index'

Rendered rescues/_trace (42.5ms)
Rendered rescues/_request_and_response (26.5ms)
Rendering rescues/layout (internal_server_error)


Processing ContentsController#index (for 127.0.0.1 at 2009-07-14 14:42:40) [GET]
Completed in 483ms (View: 83 | 200 OK [http://localhost/contents]


Processing ContentsController#index (for 127.0.0.1 at 2009-07-14 14:42:49) [GET]
Completed in 450ms (View: 417 | 200 OK [http://localhost/contents]


Processing ContentsController#index (for 127.0.0.1 at 2009-07-14 14:42:56) [GET]
Completed in 41ms (View: 7 | 200 OK [http://localhost/contents]


Processing ContentsController#index (for 127.0.0.1 at 2009-07-14 14:43:00) [GET]
Completed in 23ms (View: 6 | 200 OK [http://localhost/contents]


Processing ContentsController#index (for 127.0.0.1 at 2009-07-14 14:44:48) [GET]
Completed in 25ms (View: 8 | 200 OK [http://localhost/contents]


Processing ContentsController#index to xml (for 127.0.0.1 at 2009-07-14 14:49:24) [GET]
Completed in 23ms (View: 6 | 200 OK [http://localhost/contents.xml]


Processing ContentsController#index (for 127.0.0.1 at 2009-07-15 14:14:55) [GET]
Rendering template within layouts/contents
Rendering contents/index
Completed in 602ms (View: 305 | 200 OK [http://localhost/contents]


Processing ContentsController#index to xml (for 127.0.0.1 at 2009-07-15 14:15:37) [GET]
Completed in 31ms (View: 8 | 200 OK [http://localhost/contents.xml]


Processing ContentsController#index (for 127.0.0.1 at 2009-07-15 14:19:37) [GET]
Completed in 78ms (View: 11 | 200 OK [http://localhost/contents]


Processing ContentsController#new (for 127.0.0.1 at 2009-07-15 14:19:52) [GET]
Rendering template within layouts/contents
Rendering contents/new
Completed in 25ms (View: 21 | 200 OK [http://localhost/contents/new]


Processing ContentsController#create (for 127.0.0.1 at 2009-07-15 14:20:17) [POST]
  Parameters: {"commit"=>"Create", "authenticity_token"=>"RG91YBoAb+htetYlmt1pgHvLb7HKBkvJiigEapPiHoQ=", "content"=>{"title"=>"No 2", "page"=>"<blink>WRONG!</blink>"}}
Redirected to http://localhost:3000/contents?_id=2574d01acfd824fb03e0a95e15988ae4&_rev=1-202383109&couchrest-type=Content&created_at=Wed+Jul+15+14%3A20%3A17+-0600+2009&page=%3Cblink%3EWRONG%21%3C%2Fblink%3E&title=No+2&updated_at=Wed+Jul+15+14%3A20%3A17+-0600+2009
Completed in 71ms | 302 Found [http://localhost/contents]


Processing ContentsController#index (for 127.0.0.1 at 2009-07-15 14:20:17) [GET]
  Parameters: {"updated_at"=>"Wed Jul 15 14:20:17 -0600 2009", "title"=>"No 2", "_id"=>"2574d01acfd824fb03e0a95e15988ae4", "_rev"=>"1-202383109", "page"=>"<blink>WRONG!</blink>", "couchrest-type"=>"Content", "created_at"=>"Wed Jul 15 14:20:17 -0600 2009"}
Rendering template within layouts/contents
Rendering contents/index
Completed in 42ms (View: 18 | 200 OK [http://localhost/contents?_id=2574d01acfd824fb03e0a95e15988ae4&_rev=1-202383109&couchrest-type=Content&created_at=Wed+Jul+15+14%3A20%3A17+-0600+2009&page=%3Cblink%3EWRONG%21%3C%2Fblink%3E&title=No+2&updated_at=Wed+Jul+15+14%3A20%3A17+-0600+2009]


Processing ContentsController#index (for 127.0.0.1 at 2009-07-15 14:20:20) [GET]
Completed in 36ms (View: 17 | 200 OK [http://localhost/contents]


Processing ContentsController#index (for 127.0.0.1 at 2009-07-15 14:21:16) [GET]
Completed in 53ms (View: 9 | 200 OK [http://localhost/contents]


Processing ContentsController#index (for 127.0.0.1 at 2009-07-15 14:23:07) [GET]
Completed in 82ms (View: 10 | 200 OK [http://localhost/contents]


Processing ContentsController#index (for 127.0.0.1 at 2009-07-15 14:29:45) [GET]
Completed in 37ms (View: 14 | 200 OK [http://localhost/contents]


Processing ContentsController#index (for 127.0.0.1 at 2009-07-15 14:30:18) [GET]
Completed in 38ms (View: 10 | 200 OK [http://localhost/contents]


Processing ContentsController#index (for 127.0.0.1 at 2009-07-15 14:40:28) [GET]
Completed in 34ms (View: 12 | 200 OK [http://localhost/contents]


Processing ContentsController#index (for 127.0.0.1 at 2009-07-15 14:42:19) [GET]
Completed in 32ms (View: 12 | 200 OK [http://localhost/contents]


Processing ContentsController#index (for 127.0.0.1 at 2009-07-15 14:43:30) [GET]
Completed in 35ms (View: 10 | 200 OK [http://localhost/contents]


Processing ContentsController#index (for 127.0.0.1 at 2009-07-15 14:48:05) [GET]
Completed in 79ms (View: 9 | 200 OK [http://localhost/contents]


Processing ContentsController#index (for 127.0.0.1 at 2009-07-15 14:49:49) [GET]
Completed in 31ms (View: 9 | 200 OK [http://localhost/contents]


Processing ContentsController#index (for 127.0.0.1 at 2009-07-15 15:03:24) [GET]
Completed in 37ms (View: 14 | 200 OK [http://localhost/contents]


Processing ContentsController#index (for 127.0.0.1 at 2009-07-15 15:14:29) [GET]
Completed in 35ms (View: 9 | 200 OK [http://localhost/contents]


Processing ContentsController#index (for 127.0.0.1 at 2009-07-15 15:16:21) [GET]
Completed in 34ms (View: 11 | 200 OK [http://localhost/contents]


Processing ApplicationController#index (for 127.0.0.1 at 2009-07-15 15:16:23) [GET]

ActionController::RoutingError (No route matches "/content/0eadf43aef490e3ecf860ca283be24ef.xml" with {:method=>:get}):
  

Rendering rescues/layout (not_found)


Processing ContentsController#index (for 127.0.0.1 at 2009-07-15 15:17:34) [GET]
Completed in 97ms (View: 9 | 200 OK [http://localhost/contents]


Processing ContentsController#show to xml (for 127.0.0.1 at 2009-07-15 15:17:35) [GET]
  Parameters: {"id"=>"0eadf43aef490e3ecf860ca283be24ef"}
Completed in 10ms (View: 3 | 200 OK [http://localhost/contents/0eadf43aef490e3ecf860ca283be24ef.xml]


Processing ContentsController#index to xml (for 127.0.0.1 at 2009-07-15 15:19:13) [GET]
Completed in 34ms (View: 11 | 200 OK [http://localhost/contents.xml]


Processing ContentsController#show to xml (for 127.0.0.1 at 2009-07-15 15:19:38) [GET]
  Parameters: {"id"=>"no"}

RestClient::ResourceNotFound (Resource not found):
  vendor/gems/rest-client-0.9/lib/restclient/request.rb:134:in `process_result'
  vendor/gems/rest-client-0.9/lib/restclient/request.rb:99:in `transmit'
  /System/Library/Frameworks/Ruby.framework/Versions/1.8/usr/lib/ruby/1.8/net/http.rb:543:in `start'
  vendor/gems/rest-client-0.9/lib/restclient/request.rb:95:in `transmit'
  vendor/gems/rest-client-0.9/lib/restclient/request.rb:34:in `execute_inner'
  vendor/gems/rest-client-0.9/lib/restclient/request.rb:26:in `execute'
  vendor/gems/rest-client-0.9/lib/restclient/request.rb:12:in `execute'
  vendor/gems/rest-client-0.9/lib/restclient.rb:53:in `get'
  couchrest (0.30) [v] lib/couchrest.rb:156:in `get'
  couchrest (0.30) [v] lib/couchrest/core/database.rb:90:in `get'
  couchrest (0.30) [v] lib/couchrest/more/./mixins/document_queries.rb:45:in `get'
  app/controllers/contents_controller.rb:16:in `show'

Rendered rescues/_trace (35.7ms)
Rendered rescues/_request_and_response (1.5ms)
Rendering rescues/layout (internal_server_error)


Processing ContentsController#index to xml (for 127.0.0.1 at 2009-07-16 14:41:24) [GET]
Completed in 452ms (View: 170 | 200 OK [http://localhost/contents.xml]


Processing ContentsController#destroy to xml (for 127.0.0.1 at 2009-07-16 14:41:42) [DELETE]
  Parameters: {"id"=>"0eadf43aef490e3ecf860ca283be24ef"}
Completed in 19ms (View: 1 | 200 OK [http://localhost/contents/0eadf43aef490e3ecf860ca283be24ef.xml]


Processing ContentsController#index (for 127.0.0.1 at 2009-07-16 14:42:02) [GET]
Rendering template within layouts/contents
Rendering contents/index
Completed in 196ms (View: 170 | 200 OK [http://localhost/contents]


Processing ContentsController#new (for 127.0.0.1 at 2009-07-16 14:42:07) [GET]
Rendering template within layouts/contents
Rendering contents/new
Completed in 30ms (View: 26 | 200 OK [http://localhost/contents/new]


Processing ContentsController#create (for 127.0.0.1 at 2009-07-16 14:42:12) [POST]
  Parameters: {"commit"=>"Create", "authenticity_token"=>"DeDTuRhDxqF+1oRI4mm4G1Hw9Oorfah6qHlTVLA3wtg=", "content"=>{"title"=>"more", "page"=>"page"}}
Redirected to http://localhost:3000/contents?_id=3cb6e659213febbd5f38e085932ddc14&_rev=1-322629573&couchrest-type=Content&created_at=Thu+Jul+16+14%3A42%3A12+-0600+2009&page=page&title=more&updated_at=Thu+Jul+16+14%3A42%3A12+-0600+2009
Completed in 58ms | 302 Found [http://localhost/contents]


Processing ContentsController#index (for 127.0.0.1 at 2009-07-16 14:42:12) [GET]
  Parameters: {"updated_at"=>"Thu Jul 16 14:42:12 -0600 2009", "title"=>"more", "_id"=>"3cb6e659213febbd5f38e085932ddc14", "_rev"=>"1-322629573", "page"=>"page", "couchrest-type"=>"Content", "created_at"=>"Thu Jul 16 14:42:12 -0600 2009"}
Rendering template within layouts/contents
Rendering contents/index
Completed in 35ms (View: 17 | 200 OK [http://localhost/contents?_id=3cb6e659213febbd5f38e085932ddc14&_rev=1-322629573&couchrest-type=Content&created_at=Thu+Jul+16+14%3A42%3A12+-0600+2009&page=page&title=more&updated_at=Thu+Jul+16+14%3A42%3A12+-0600+2009]


Processing ContentsController#index to xml (for 127.0.0.1 at 2009-07-16 14:55:47) [GET]
Completed in 27ms (View: 8 | 200 OK [http://localhost/contents.xml]


Processing ApplicationController#index (for 127.0.0.1 at 2009-07-16 14:55:59) [POST]
  Parameters: {"content"=>{"title"=>"new", "page"=>"page"}}

ActionController::MethodNotAllowed (Only get, put, and delete requests are allowed.):
  

Rendered rescues/_trace (22.3ms)
Rendered rescues/_request_and_response (51.7ms)
Rendering rescues/layout (method_not_allowed)


Processing ContentsController#index to xml (for 127.0.0.1 at 2009-07-16 14:56:43) [GET]
Completed in 378ms (View: 10 | 200 OK [http://localhost/contents.xml]


Processing ContentsController#update to xml (for 127.0.0.1 at 2009-07-16 14:56:54) [PUT]
  Parameters: {"id"=>"3cb6e659213febbd5f38e085932ddc14", "content"=>{"title"=>"new", "page"=>"page"}}

ActionController::InvalidAuthenticityToken (ActionController::InvalidAuthenticityToken):
  

Rendered rescues/_trace (45.7ms)
Rendered rescues/_request_and_response (0.3ms)
Rendering rescues/layout (unprocessable_entity)


Processing ContentsController#index to xml (for 127.0.0.1 at 2009-07-16 15:02:18) [GET]
Completed in 147ms (View: 18 | 200 OK [http://localhost/contents.xml]


Processing ContentsController#update (for 127.0.0.1 at 2009-07-16 15:02:27) [PUT]
  Parameters: {"id"=>"3cb6e659213febbd5f38e085932ddc14", "content"=>{"title"=>"new", "page"=>"page"}}

ActionController::InvalidAuthenticityToken (ActionController::InvalidAuthenticityToken):
  

Rendered rescues/_trace (34.2ms)
Rendered rescues/_request_and_response (0.3ms)
Rendering rescues/layout (unprocessable_entity)


Processing ContentsController#update (for 127.0.0.1 at 2009-07-16 15:07:33) [PUT]
  Parameters: {"id"=>"3cb6e659213febbd5f38e085932ddc14", "content"=>{"title"=>"new", "page"=>"page"}}


 Content params => titlenewpagepage
Completed in 25ms (View: 2 | 200 OK [http://localhost/contents/3cb6e659213febbd5f38e085932ddc14]


Processing ContentsController#index (for 127.0.0.1 at 2009-07-16 15:07:54) [GET]
  Parameters: {"updated_at"=>"Thu Jul 16 14:42:12 -0600 2009", "title"=>"more", "_id"=>"3cb6e659213febbd5f38e085932ddc14", "_rev"=>"1-322629573", "page"=>"page", "couchrest-type"=>"Content", "created_at"=>"Thu Jul 16 14:42:12 -0600 2009"}
Rendering template within layouts/contents
Rendering contents/index
Completed in 77ms (View: 32 | 200 OK [http://localhost/contents?_id=3cb6e659213febbd5f38e085932ddc14&_rev=1-322629573&couchrest-type=Content&created_at=Thu+Jul+16+14%3A42%3A12+-0600+2009&page=page&title=more&updated_at=Thu+Jul+16+14%3A42%3A12+-0600+2009]


Processing ContentsController#index to xml (for 127.0.0.1 at 2009-07-16 15:09:27) [GET]
Completed in 40ms (View: 10 | 200 OK [http://localhost/contents.xml]


Processing ContentsController#update to xml (for 127.0.0.1 at 2009-07-16 15:09:42) [PUT]
  Parameters: {"id"=>"3cb6e659213febbd5f38e085932ddc14", "content"=>{"title"=>"We Rock!", "page"=>"page"}}


 Content params => titleWe Rock!pagepage
Completed in 16ms (View: 1 | 200 OK [http://localhost/contents/3cb6e659213febbd5f38e085932ddc14.xml]


Processing ContentsController#create to xml (for 127.0.0.1 at 2009-07-16 15:10:24) [POST]
  Parameters: {"content"=>{"title"=>"Created New", "page"=>"<html><h3>NEW</h3></html>"}}


 Content params => 
Completed in 11ms (View: 2 | 201 Created [http://localhost/contents.xml]


Processing ContentsController#create to xml (for 127.0.0.1 at 2009-07-16 15:18:44) [POST]
  Parameters: {"content"=>{"title"=>"Hotness", "page"=>"wait for it"}}


 Content params => 
Completed in 12ms (View: 2 | 201 Created [http://localhost/contents.xml]


Processing ContentsController#create to xml (for 127.0.0.1 at 2009-07-16 15:19:15) [POST]
  Parameters: {"content"=>{"title"=>"Hotness", "page"=>"wait for it"}}


 Content params => 
Completed in 11ms (View: 2 | 201 Created [http://localhost/contents.xml]


Processing ContentsController#index (for 127.0.0.1 at 2009-07-16 15:23:33) [GET]
  Parameters: {"updated_at"=>"Thu Jul 16 14:42:12 -0600 2009", "title"=>"more", "_id"=>"3cb6e659213febbd5f38e085932ddc14", "_rev"=>"1-322629573", "page"=>"page", "couchrest-type"=>"Content", "created_at"=>"Thu Jul 16 14:42:12 -0600 2009"}
Rendering template within layouts/contents
Rendering contents/index
Completed in 134ms (View: 86 | 200 OK [http://localhost/contents?_id=3cb6e659213febbd5f38e085932ddc14&_rev=1-322629573&couchrest-type=Content&created_at=Thu+Jul+16+14%3A42%3A12+-0600+2009&page=page&title=more&updated_at=Thu+Jul+16+14%3A42%3A12+-0600+2009]


Processing ContentsController#create to xml (for 127.0.0.1 at 2009-07-16 15:26:42) [POST]
  Parameters: {"content"=>{"title"=>"haha", "page"=>"I'm tired"}}


 Content params => 
Completed in 36ms (View: 2 | 201 Created [http://localhost/contents.xml]


Processing ContentsController#create to xml (for 127.0.0.1 at 2009-07-16 15:27:46) [POST]
  Parameters: {"content"=>{"title"=>"please stop", "page"=>""}}


 Content params => 
Completed in 14ms (View: 3 | 201 Created [http://localhost/contents.xml]


Processing ContentsController#create to xml (for 127.0.0.1 at 2009-07-16 15:29:25) [POST]
  Parameters: {"content"=>{"title"=>"t", "page"=>""}}


 Content params => 
Completed in 16ms (View: 2 | 201 Created [http://localhost/contents.xml]


Processing ContentsController#create to xml (for 127.0.0.1 at 2009-07-16 15:31:34) [POST]
  Parameters: {"content"=>{"title"=>"", "page"=>""}}


 Content params => 
Completed in 13ms (View: 4 | 201 Created [http://localhost/contents.xml]


Processing ContentsController#destroy to xml (for 127.0.0.1 at 2009-07-16 15:31:52) [DELETE]
  Parameters: {"id"=>"a268998ed3c16fbf15f47c9cdd4ea421"}
Completed in 36ms (View: 2 | 200 OK [http://localhost/contents/a268998ed3c16fbf15f47c9cdd4ea421.xml]


Processing ContentsController#destroy to xml (for 127.0.0.1 at 2009-07-16 15:32:12) [DELETE]
  Parameters: {"id"=>"a268998ed3c16fbf15f47c9cdd4ea421"}

RestClient::ResourceNotFound (Resource not found):
  vendor/gems/rest-client-0.9/lib/restclient/request.rb:134:in `process_result'
  vendor/gems/rest-client-0.9/lib/restclient/request.rb:99:in `transmit'
  /System/Library/Frameworks/Ruby.framework/Versions/1.8/usr/lib/ruby/1.8/net/http.rb:543:in `start'
  vendor/gems/rest-client-0.9/lib/restclient/request.rb:95:in `transmit'
  vendor/gems/rest-client-0.9/lib/restclient/request.rb:34:in `execute_inner'
  vendor/gems/rest-client-0.9/lib/restclient/request.rb:26:in `execute'
  vendor/gems/rest-client-0.9/lib/restclient/request.rb:12:in `execute'
  vendor/gems/rest-client-0.9/lib/restclient.rb:53:in `get'
  couchrest (0.30) [v] lib/couchrest.rb:156:in `get'
  couchrest (0.30) [v] lib/couchrest/core/database.rb:90:in `get'
  couchrest (0.30) [v] lib/couchrest/more/./mixins/document_queries.rb:45:in `get'
  app/controllers/contents_controller.rb:77:in `destroy'

Rendered rescues/_trace (53.3ms)
Rendered rescues/_request_and_response (0.3ms)
Rendering rescues/layout (internal_server_error)


Processing CurriculumContentsController#index (for 127.0.0.1 at 2009-07-23 10:36:11) [GET]
Rendering template within layouts/curriculum_contents
Rendering curriculum_contents/index
Completed in 550ms (View: 278 | 200 OK [http://localhost/curriculum_contents]


Processing CurriculumContentsController#show (for 127.0.0.1 at 2009-07-23 10:36:20) [GET]
  Parameters: {"id"=>"c09837d7619ce5e5ec5f3b9d3be41f72"}
Rendering template within layouts/curriculum_contents
Rendering curriculum_contents/show
Completed in 23ms (View: 16 | 200 OK [http://localhost/curriculum_contents/c09837d7619ce5e5ec5f3b9d3be41f72]


Processing TopicsController#index (for 127.0.0.1 at 2009-07-23 10:36:28) [GET]
Rendering template within layouts/topics
Rendering topics/index
Completed in 408ms (View: 367 | 200 OK [http://localhost/topics]


Processing ContentsController#index to xml (for 127.0.0.1 at 2009-07-23 10:39:23) [GET]
Completed in 89ms (View: 57 | 200 OK [http://localhost/contents.xml]


Processing ContentsController#index (for 127.0.0.1 at 2009-07-23 10:39:39) [GET]
Rendering template within layouts/contents
Rendering contents/index
Completed in 77ms (View: 49 | 200 OK [http://localhost/contents]


Processing ContentsController#index to xml (for 127.0.0.1 at 2009-07-23 10:48:05) [GET]
Completed in 86ms (View: 20 | 200 OK [http://localhost/contents.xml]


Processing ContentsController#create to xml (for 127.0.0.1 at 2009-07-23 11:10:17) [POST]
  Parameters: {"content"=>{"title"=>"ReNEWed", "page"=>""}}


 Content params => 
Completed in 56ms (View: 3 | 201 Created [http://localhost/contents.xml]


Processing ContentsController#show to xml (for 127.0.0.1 at 2009-07-23 11:10:17) [GET]
  Parameters: {"id"=>"90f820cbad499945c321f207a74c1f89"}
Completed in 8ms (View: 1 | 200 OK [http://localhost/contents/90f820cbad499945c321f207a74c1f89.xml]


Processing ContentsController#index to xml (for 127.0.0.1 at 2009-07-23 11:10:20) [GET]
Completed in 69ms (View: 52 | 200 OK [http://localhost/contents.xml]


Processing ContentsController#show to xml (for 127.0.0.1 at 2009-07-23 11:11:52) [GET]
  Parameters: {"id"=>"90f820cbad499945c321f207a74c1f89"}
Completed in 8ms (View: 1 | 200 OK [http://localhost/contents/90f820cbad499945c321f207a74c1f89.xml]


Processing ContentsController#show to xml (for 127.0.0.1 at 2009-07-23 11:12:07) [GET]
  Parameters: {"id"=>"90f820cbad499945c321f207a74c1f89"}
Completed in 9ms (View: 2 | 200 OK [http://localhost/contents/90f820cbad499945c321f207a74c1f89.xml]


Processing ContentsController#show to xml (for 127.0.0.1 at 2009-07-23 11:12:14) [GET]
  Parameters: {"id"=>"90f820cbad499945c321f207a74c1f89"}
Completed in 10ms (View: 2 | 200 OK [http://localhost/contents/90f820cbad499945c321f207a74c1f89.xml]


Processing ContentsController#show to xml (for 127.0.0.1 at 2009-07-23 11:12:40) [GET]
  Parameters: {"id"=>"90f820cbad499945c321f207a74c1f89"}
Completed in 10ms (View: 2 | 200 OK [http://localhost/contents/90f820cbad499945c321f207a74c1f89.xml]


Processing ContentsController#show to xml (for 127.0.0.1 at 2009-07-23 11:27:56) [GET]
  Parameters: {"id"=>"90f820cbad499945c321f207a74c1f89"}
Completed in 16ms (View: 2 | 200 OK [http://localhost/contents/90f820cbad499945c321f207a74c1f89.xml]


Processing ContentsController#show to xml (for 127.0.0.1 at 2009-07-23 11:28:06) [GET]
  Parameters: {"id"=>"90f820cbad499945c321f207a74c1f89"}
Completed in 10ms (View: 1 | 200 OK [http://localhost/contents/90f820cbad499945c321f207a74c1f89.xml]


Processing ContentsController#index to xml (for 127.0.0.1 at 2009-07-23 11:29:01) [GET]
Completed in 56ms (View: 33 | 200 OK [http://localhost/contents.xml]


Processing ContentsController#show to xml (for 127.0.0.1 at 2009-07-23 11:29:04) [GET]
  Parameters: {"id"=>"90f820cbad499945c321f207a74c1f89"}
Completed in 11ms (View: 3 | 200 OK [http://localhost/contents/90f820cbad499945c321f207a74c1f89.xml]


Processing ContentsController#show to xml (for 127.0.0.1 at 2009-07-23 11:29:09) [GET]
  Parameters: {"id"=>"90f820cbad499945c321f207a74c1f89"}
Completed in 13ms (View: 5 | 200 OK [http://localhost/contents/90f820cbad499945c321f207a74c1f89.xml]


Processing ContentsController#update to xml (for 127.0.0.1 at 2009-07-23 11:29:09) [PUT]
  Parameters: {"id"=>"90f820cbad499945c321f207a74c1f89", "content"=>{"title"=>"ReNEWed!", "page"=>""}}


 Content params => titleReNEWed!page
Completed in 20ms (View: 3 | 200 OK [http://localhost/contents/90f820cbad499945c321f207a74c1f89.xml]


Processing ContentsController#show to xml (for 127.0.0.1 at 2009-07-23 11:29:09) [GET]
  Parameters: {"id"=>"90f820cbad499945c321f207a74c1f89"}
Completed in 64ms (View: 1 | 200 OK [http://localhost/contents/90f820cbad499945c321f207a74c1f89.xml]


Processing ContentsController#index (for 127.0.0.1 at 2009-07-23 11:29:20) [GET]
Rendering template within layouts/contents
Rendering contents/index
Completed in 44ms (View: 22 | 200 OK [http://localhost/contents]


Processing ContentsController#edit (for 127.0.0.1 at 2009-07-23 13:35:51) [GET]
  Parameters: {"id"=>"b367aa15b544e23f87a7605e79f15884"}
Rendering template within layouts/contents
Rendering contents/edit
Completed in 372ms (View: 366 | 200 OK [http://localhost/contents/b367aa15b544e23f87a7605e79f15884/edit]


Processing ContentsController#show to xml (for 127.0.0.1 at 2009-07-23 13:35:59) [GET]
  Parameters: {"id"=>"90f820cbad499945c321f207a74c1f89"}
Completed in 8ms (View: 2 | 200 OK [http://localhost/contents/90f820cbad499945c321f207a74c1f89.xml]


Processing ContentsController#show to xml (for 127.0.0.1 at 2009-07-23 13:36:16) [GET]
  Parameters: {"id"=>"90f820cbad499945c321f207a74c1f89"}
Completed in 9ms (View: 2 | 200 OK [http://localhost/contents/90f820cbad499945c321f207a74c1f89.xml]


Processing ContentsController#update to xml (for 127.0.0.1 at 2009-07-23 13:36:16) [PUT]
  Parameters: {"id"=>"90f820cbad499945c321f207a74c1f89", "content"=>{"title"=>"Renewed", "page"=>"<html>\r\n\r\n</html>"}}


 Content params => titleRenewedpage<html>

</html>
Completed in 15ms (View: 1 | 200 OK [http://localhost/contents/90f820cbad499945c321f207a74c1f89.xml]


Processing ContentsController#show to xml (for 127.0.0.1 at 2009-07-23 13:36:16) [GET]
  Parameters: {"id"=>"90f820cbad499945c321f207a74c1f89"}
Completed in 10ms (View: 1 | 200 OK [http://localhost/contents/90f820cbad499945c321f207a74c1f89.xml]


Processing ContentsController#create to xml (for 127.0.0.1 at 2009-07-23 13:38:38) [POST]
  Parameters: {"content"=>{"title"=>"", "page"=>""}}


 Content params => 
Completed in 12ms (View: 2 | 201 Created [http://localhost/contents.xml]


Processing ContentsController#create to xml (for 127.0.0.1 at 2009-07-23 13:39:10) [POST]
  Parameters: {"content"=>{"title"=>"Save test", "page"=>""}}


 Content params => 
Completed in 12ms (View: 2 | 201 Created [http://localhost/contents.xml]


Processing ContentsController#create to xml (for 127.0.0.1 at 2009-07-23 13:40:21) [POST]
  Parameters: {"content"=>{"title"=>"Save test", "page"=>""}}


 Content params => 
Completed in 11ms (View: 2 | 201 Created [http://localhost/contents.xml]


Processing ContentsController#create to xml (for 127.0.0.1 at 2009-07-23 13:40:43) [POST]
  Parameters: {"content"=>{"title"=>"save test", "page"=>""}}


 Content params => 
Completed in 11ms (View: 2 | 201 Created [http://localhost/contents.xml]


Processing ContentsController#show to xml (for 127.0.0.1 at 2009-07-23 14:00:20) [GET]
  Parameters: {"id"=>"90f820cbad499945c321f207a74c1f89"}
Completed in 9ms (View: 2 | 200 OK [http://localhost/contents/90f820cbad499945c321f207a74c1f89.xml]


Processing ContentsController#show to xml (for 127.0.0.1 at 2009-07-23 14:00:28) [GET]
  Parameters: {"id"=>"90f820cbad499945c321f207a74c1f89"}
Completed in 9ms (View: 2 | 200 OK [http://localhost/contents/90f820cbad499945c321f207a74c1f89.xml]


Processing ContentsController#update to xml (for 127.0.0.1 at 2009-07-23 14:00:28) [PUT]
  Parameters: {"id"=>"90f820cbad499945c321f207a74c1f89", "content"=>{"title"=>"Renewed", "page"=>"<html>\r\n<h3>Hola</h3>\r\n</html>"}}


 Content params => titleRenewedpage<html>
<h3>Hola</h3>
</html>
Completed in 16ms (View: 1 | 200 OK [http://localhost/contents/90f820cbad499945c321f207a74c1f89.xml]


Processing ContentsController#show to xml (for 127.0.0.1 at 2009-07-23 14:00:28) [GET]
  Parameters: {"id"=>"90f820cbad499945c321f207a74c1f89"}
Completed in 9ms (View: 2 | 200 OK [http://localhost/contents/90f820cbad499945c321f207a74c1f89.xml]


Processing ContentsController#index to xml (for 127.0.0.1 at 2009-07-23 14:00:30) [GET]
Completed in 74ms (View: 50 | 200 OK [http://localhost/contents.xml]


Processing ContentsController#show to xml (for 127.0.0.1 at 2009-07-23 14:00:34) [GET]
  Parameters: {"id"=>"25a5d313eb96eff1d7af088cb1fe64ac"}
Completed in 15ms (View: 4 | 200 OK [http://localhost/contents/25a5d313eb96eff1d7af088cb1fe64ac.xml]


Processing ContentsController#destroy to xml (for 127.0.0.1 at 2009-07-23 14:00:34) [DELETE]
  Parameters: {"id"=>"25a5d313eb96eff1d7af088cb1fe64ac"}
Completed in 19ms (View: 2 | 200 OK [http://localhost/contents/25a5d313eb96eff1d7af088cb1fe64ac.xml]


Processing ContentsController#index to xml (for 127.0.0.1 at 2009-07-23 14:00:34) [GET]
Completed in 49ms (View: 26 | 200 OK [http://localhost/contents.xml]


Processing ContentsController#show to xml (for 127.0.0.1 at 2009-07-23 14:00:38) [GET]
  Parameters: {"id"=>"12ebd92cf202b14d2019e65336747584"}
Completed in 14ms (View: 5 | 200 OK [http://localhost/contents/12ebd92cf202b14d2019e65336747584.xml]


Processing ContentsController#destroy to xml (for 127.0.0.1 at 2009-07-23 14:00:38) [DELETE]
  Parameters: {"id"=>"12ebd92cf202b14d2019e65336747584"}
Completed in 24ms (View: 1 | 200 OK [http://localhost/contents/12ebd92cf202b14d2019e65336747584.xml]


Processing ContentsController#index to xml (for 127.0.0.1 at 2009-07-23 14:00:39) [GET]
Completed in 47ms (View: 23 | 200 OK [http://localhost/contents.xml]


Processing ContentsController#show to xml (for 127.0.0.1 at 2009-07-23 14:00:41) [GET]
  Parameters: {"id"=>"2da120128e13d01e2a270a6d3a0fdaf3"}
Completed in 10ms (View: 2 | 200 OK [http://localhost/contents/2da120128e13d01e2a270a6d3a0fdaf3.xml]


Processing ContentsController#index to xml (for 127.0.0.1 at 2009-07-23 14:00:43) [GET]
Completed in 41ms (View: 20 | 200 OK [http://localhost/contents.xml]


Processing ContentsController#show to xml (for 127.0.0.1 at 2009-07-23 14:00:51) [GET]
  Parameters: {"id"=>"27c1a390bf1d18dc4a3ce61707b40224"}
Completed in 11ms (View: 1 | 200 OK [http://localhost/contents/27c1a390bf1d18dc4a3ce61707b40224.xml]


Processing ContentsController#destroy to xml (for 127.0.0.1 at 2009-07-23 14:00:51) [DELETE]
  Parameters: {"id"=>"27c1a390bf1d18dc4a3ce61707b40224"}
Completed in 17ms (View: 2 | 200 OK [http://localhost/contents/27c1a390bf1d18dc4a3ce61707b40224.xml]


Processing ContentsController#index to xml (for 127.0.0.1 at 2009-07-23 14:00:51) [GET]
Completed in 45ms (View: 23 | 200 OK [http://localhost/contents.xml]


Processing ContentsController#show to xml (for 127.0.0.1 at 2009-07-23 14:00:54) [GET]
  Parameters: {"id"=>"4564c3aa0e246e749d66b8cb44e7ea38"}
Completed in 74ms (View: 2 | 200 OK [http://localhost/contents/4564c3aa0e246e749d66b8cb44e7ea38.xml]


Processing ContentsController#destroy to xml (for 127.0.0.1 at 2009-07-23 14:00:54) [DELETE]
  Parameters: {"id"=>"4564c3aa0e246e749d66b8cb44e7ea38"}
Completed in 23ms (View: 1 | 200 OK [http://localhost/contents/4564c3aa0e246e749d66b8cb44e7ea38.xml]


Processing ContentsController#index to xml (for 127.0.0.1 at 2009-07-23 14:00:55) [GET]
Completed in 45ms (View: 23 | 200 OK [http://localhost/contents.xml]


Processing ContentsController#show to xml (for 127.0.0.1 at 2009-07-23 14:00:57) [GET]
  Parameters: {"id"=>"a12a56767525c500f76f984004e0d7cf"}
Completed in 16ms (View: 1 | 200 OK [http://localhost/contents/a12a56767525c500f76f984004e0d7cf.xml]


Processing ContentsController#destroy to xml (for 127.0.0.1 at 2009-07-23 14:00:57) [DELETE]
  Parameters: {"id"=>"a12a56767525c500f76f984004e0d7cf"}
Completed in 16ms (View: 1 | 200 OK [http://localhost/contents/a12a56767525c500f76f984004e0d7cf.xml]


Processing ContentsController#index to xml (for 127.0.0.1 at 2009-07-23 14:00:57) [GET]
Completed in 41ms (View: 20 | 200 OK [http://localhost/contents.xml]


Processing ContentsController#show to xml (for 127.0.0.1 at 2009-07-23 14:01:00) [GET]
  Parameters: {"id"=>"3cb6e659213febbd5f38e085932ddc14"}
Completed in 15ms (View: 2 | 200 OK [http://localhost/contents/3cb6e659213febbd5f38e085932ddc14.xml]


Processing ContentsController#destroy to xml (for 127.0.0.1 at 2009-07-23 14:01:00) [DELETE]
  Parameters: {"id"=>"3cb6e659213febbd5f38e085932ddc14"}
Completed in 22ms (View: 2 | 200 OK [http://localhost/contents/3cb6e659213febbd5f38e085932ddc14.xml]


Processing ContentsController#index to xml (for 127.0.0.1 at 2009-07-23 14:01:00) [GET]
Completed in 42ms (View: 20 | 200 OK [http://localhost/contents.xml]


Processing ContentsController#show to xml (for 127.0.0.1 at 2009-07-23 14:01:03) [GET]
  Parameters: {"id"=>"b367aa15b544e23f87a7605e79f15884"}
Completed in 16ms (View: 1 | 200 OK [http://localhost/contents/b367aa15b544e23f87a7605e79f15884.xml]


Processing ContentsController#destroy to xml (for 127.0.0.1 at 2009-07-23 14:01:03) [DELETE]
  Parameters: {"id"=>"b367aa15b544e23f87a7605e79f15884"}
Completed in 22ms (View: 1 | 200 OK [http://localhost/contents/b367aa15b544e23f87a7605e79f15884.xml]


Processing ContentsController#index to xml (for 127.0.0.1 at 2009-07-23 14:01:03) [GET]
Completed in 194ms (View: 171 | 200 OK [http://localhost/contents.xml]


Processing ContentsController#show to xml (for 127.0.0.1 at 2009-07-23 14:01:08) [GET]
  Parameters: {"id"=>"cd0caaeea66d3673ea80d543b33b6b83"}
Completed in 8ms (View: 1 | 200 OK [http://localhost/contents/cd0caaeea66d3673ea80d543b33b6b83.xml]


Processing ContentsController#show to xml (for 127.0.0.1 at 2009-07-23 14:01:41) [GET]
  Parameters: {"id"=>"cd0caaeea66d3673ea80d543b33b6b83"}
Completed in 10ms (View: 2 | 200 OK [http://localhost/contents/cd0caaeea66d3673ea80d543b33b6b83.xml]


Processing ContentsController#update to xml (for 127.0.0.1 at 2009-07-23 14:01:41) [PUT]
  Parameters: {"id"=>"cd0caaeea66d3673ea80d543b33b6b83", "content"=>{"title"=>"Testing", "page"=>"<html>\r\n<body>\r\n <h3>My Test</h3>\r\n</body>\r\n</html>"}}


 Content params => titleTestingpage<html>
<body>
 <h3>My Test</h3>
</body>
</html>
Completed in 16ms (View: 1 | 200 OK [http://localhost/contents/cd0caaeea66d3673ea80d543b33b6b83.xml]


Processing ContentsController#show to xml (for 127.0.0.1 at 2009-07-23 14:01:41) [GET]
  Parameters: {"id"=>"cd0caaeea66d3673ea80d543b33b6b83"}
Completed in 9ms (View: 2 | 200 OK [http://localhost/contents/cd0caaeea66d3673ea80d543b33b6b83.xml]


Processing ContentsController#index to xml (for 127.0.0.1 at 2009-07-23 14:01:57) [GET]
Completed in 45ms (View: 21 | 200 OK [http://localhost/contents.xml]


Processing ContentsController#update to xml (for 127.0.0.1 at 2009-07-23 15:44:23) [PUT]
  Parameters: {"id"=>"1111", "content"=>{"title"=>"Existing", "page"=>"data..."}}

RestClient::ResourceNotFound (Resource not found):
  vendor/gems/rest-client-0.9/lib/restclient/request.rb:134:in `process_result'
  vendor/gems/rest-client-0.9/lib/restclient/request.rb:99:in `transmit'
  /System/Library/Frameworks/Ruby.framework/Versions/1.8/usr/lib/ruby/1.8/net/http.rb:543:in `start'
  vendor/gems/rest-client-0.9/lib/restclient/request.rb:95:in `transmit'
  vendor/gems/rest-client-0.9/lib/restclient/request.rb:34:in `execute_inner'
  vendor/gems/rest-client-0.9/lib/restclient/request.rb:26:in `execute'
  vendor/gems/rest-client-0.9/lib/restclient/request.rb:12:in `execute'
  vendor/gems/rest-client-0.9/lib/restclient.rb:53:in `get'
  couchrest (0.30) [v] lib/couchrest.rb:156:in `get'
  couchrest (0.30) [v] lib/couchrest/core/database.rb:90:in `get'
  couchrest (0.30) [v] lib/couchrest/more/./mixins/document_queries.rb:45:in `get'
  app/controllers/contents_controller.rb:60:in `update'

Rendered rescues/_trace (34.1ms)
Rendered rescues/_request_and_response (1.4ms)
Rendering rescues/layout (internal_server_error)


Processing ContentsController#index to xml (for 127.0.0.1 at 2009-07-24 09:12:33) [GET]
Completed in 439ms (View: 193 | 200 OK [http://localhost/contents.xml]


Processing ContentsController#show to xml (for 127.0.0.1 at 2009-07-24 09:12:42) [GET]
  Parameters: {"id"=>"2da120128e13d01e2a270a6d3a0fdaf3"}
Completed in 8ms (View: 1 | 200 OK [http://localhost/contents/2da120128e13d01e2a270a6d3a0fdaf3.xml]


Processing ContentsController#show to xml (for 127.0.0.1 at 2009-07-24 09:13:26) [GET]
  Parameters: {"id"=>"2da120128e13d01e2a270a6d3a0fdaf3"}
Completed in 8ms (View: 1 | 200 OK [http://localhost/contents/2da120128e13d01e2a270a6d3a0fdaf3.xml]


Processing ContentsController#update to xml (for 127.0.0.1 at 2009-07-24 09:13:26) [PUT]
  Parameters: {"id"=>"2da120128e13d01e2a270a6d3a0fdaf3", "content"=>{"title"=>"More Content", "page"=>"<html>\r\n\r\n<body>\r\n <h1> Some more content</h1>\r\n\r\n</body>\r\n</html>"}}


 Content params => titleMore Contentpage<html>

<body>
 <h1> Some more content</h1>

</body>
</html>
Completed in 94ms (View: 1 | 200 OK [http://localhost/contents/2da120128e13d01e2a270a6d3a0fdaf3.xml]


Processing ContentsController#show to xml (for 127.0.0.1 at 2009-07-24 09:13:26) [GET]
  Parameters: {"id"=>"2da120128e13d01e2a270a6d3a0fdaf3"}
Completed in 9ms (View: 1 | 200 OK [http://localhost/contents/2da120128e13d01e2a270a6d3a0fdaf3.xml]


Processing ContentsController#index to xml (for 127.0.0.1 at 2009-07-24 09:13:30) [GET]
Completed in 52ms (View: 35 | 200 OK [http://localhost/contents.xml]


Processing ContentsController#index to xml (for 127.0.0.1 at 2009-07-24 09:16:21) [GET]
Completed in 38ms (View: 12 | 200 OK [http://localhost/contents.xml]


Processing ContentsController#create to xml (for 127.0.0.1 at 2009-07-24 10:42:49) [POST]
  Parameters: {"content"=>{"title"=>"Something New", "page"=>"blah blah blah"}}


 Content params => 
Completed in 35ms (View: 2 | 201 Created [http://localhost/contents.xml]


Processing ContentsController#show to xml (for 127.0.0.1 at 2009-07-24 10:42:49) [GET]
  Parameters: {"id"=>"61e2ff6c177ed8411c42fc9719feec6c"}
Completed in 11ms (View: 1 | 200 OK [http://localhost/contents/61e2ff6c177ed8411c42fc9719feec6c.xml]


Processing ContentsController#index (for 127.0.0.1 at 2009-07-24 10:47:42) [GET]
Rendering template within layouts/contents
Rendering contents/index
Completed in 84ms (View: 66 | 200 OK [http://localhost/contents]


Processing ContentsController#index to xml (for 127.0.0.1 at 2009-07-24 10:48:02) [GET]
Completed in 30ms (View: 12 | 200 OK [http://localhost/contents.xml]


Processing ContentsController#show to xml (for 127.0.0.1 at 2009-07-24 11:14:17) [GET]
  Parameters: {"id"=>"2574d01acfd824fb03e0a95e15988ae4"}

Errno::ECONNREFUSED (Connection refused - connect(2)):
  /System/Library/Frameworks/Ruby.framework/Versions/1.8/usr/lib/ruby/1.8/net/http.rb:560:in `initialize'
  /System/Library/Frameworks/Ruby.framework/Versions/1.8/usr/lib/ruby/1.8/net/http.rb:560:in `open'
  /System/Library/Frameworks/Ruby.framework/Versions/1.8/usr/lib/ruby/1.8/net/http.rb:560:in `connect'
  /System/Library/Frameworks/Ruby.framework/Versions/1.8/usr/lib/ruby/1.8/timeout.rb:53:in `timeout'
  /System/Library/Frameworks/Ruby.framework/Versions/1.8/usr/lib/ruby/1.8/timeout.rb:93:in `timeout'
  /System/Library/Frameworks/Ruby.framework/Versions/1.8/usr/lib/ruby/1.8/net/http.rb:560:in `connect'
  /System/Library/Frameworks/Ruby.framework/Versions/1.8/usr/lib/ruby/1.8/net/http.rb:553:in `do_start'
  /System/Library/Frameworks/Ruby.framework/Versions/1.8/usr/lib/ruby/1.8/net/http.rb:542:in `start'
  vendor/gems/rest-client-0.9/lib/restclient/request.rb:95:in `transmit'
  vendor/gems/rest-client-0.9/lib/restclient/request.rb:34:in `execute_inner'
  vendor/gems/rest-client-0.9/lib/restclient/request.rb:26:in `execute'
  vendor/gems/rest-client-0.9/lib/restclient/request.rb:12:in `execute'
  vendor/gems/rest-client-0.9/lib/restclient.rb:53:in `get'
  couchrest (0.30) [v] lib/couchrest.rb:156:in `get'
  couchrest (0.30) [v] lib/couchrest/core/database.rb:90:in `get'
  couchrest (0.30) [v] lib/couchrest/more/./mixins/document_queries.rb:45:in `get'
  app/controllers/contents_controller.rb:16:in `show'

Rendered rescues/_trace (85.2ms)
Rendered rescues/_request_and_response (1.4ms)
Rendering rescues/layout (internal_server_error)


Processing ContentsController#show to xml (for 127.0.0.1 at 2009-07-24 11:14:48) [GET]
  Parameters: {"id"=>"2574d01acfd824fb03e0a95e15988ae4"}
Completed in 8ms (View: 1 | 200 OK [http://localhost/contents/2574d01acfd824fb03e0a95e15988ae4.xml]


Processing ContentsController#update to xml (for 127.0.0.1 at 2009-07-24 11:29:36) [PUT]
  Parameters: {"id"=>"1111", "content"=>{"title"=>"Existing", "page"=>"data..."}}

RestClient::ResourceNotFound (Resource not found):
  vendor/gems/rest-client-0.9/lib/restclient/request.rb:134:in `process_result'
  vendor/gems/rest-client-0.9/lib/restclient/request.rb:99:in `transmit'
  /System/Library/Frameworks/Ruby.framework/Versions/1.8/usr/lib/ruby/1.8/net/http.rb:543:in `start'
  vendor/gems/rest-client-0.9/lib/restclient/request.rb:95:in `transmit'
  vendor/gems/rest-client-0.9/lib/restclient/request.rb:34:in `execute_inner'
  vendor/gems/rest-client-0.9/lib/restclient/request.rb:26:in `execute'
  vendor/gems/rest-client-0.9/lib/restclient/request.rb:12:in `execute'
  vendor/gems/rest-client-0.9/lib/restclient.rb:53:in `get'
  couchrest (0.30) [v] lib/couchrest.rb:156:in `get'
  couchrest (0.30) [v] lib/couchrest/core/database.rb:90:in `get'
  couchrest (0.30) [v] lib/couchrest/more/./mixins/document_queries.rb:45:in `get'
  app/controllers/contents_controller.rb:60:in `update'

Rendered rescues/_trace (32.8ms)
Rendered rescues/_request_and_response (0.3ms)
Rendering rescues/layout (internal_server_error)


Processing ContentsController#create to xml (for 127.0.0.1 at 2009-07-24 11:33:49) [POST]
  Parameters: {"content"=>{"title"=>"Save Me", "page"=>"..."}}


 Content params => 
Completed in 12ms (View: 2 | 201 Created [http://localhost/contents.xml]


Processing ContentsController#index to xml (for 127.0.0.1 at 2009-07-24 11:35:14) [GET]
Completed in 76ms (View: 55 | 200 OK [http://localhost/contents.xml]


Processing ContentsController#show to xml (for 127.0.0.1 at 2009-07-24 11:35:17) [GET]
  Parameters: {"id"=>"ce268c348d185acc0614c9c6d6821025"}
Completed in 8ms (View: 1 | 200 OK [http://localhost/contents/ce268c348d185acc0614c9c6d6821025.xml]


Processing ContentsController#show to xml (for 127.0.0.1 at 2009-07-24 11:50:17) [GET]
  Parameters: {"id"=>"1111"}

RestClient::ResourceNotFound (Resource not found):
  vendor/gems/rest-client-0.9/lib/restclient/request.rb:134:in `process_result'
  vendor/gems/rest-client-0.9/lib/restclient/request.rb:99:in `transmit'
  /System/Library/Frameworks/Ruby.framework/Versions/1.8/usr/lib/ruby/1.8/net/http.rb:543:in `start'
  vendor/gems/rest-client-0.9/lib/restclient/request.rb:95:in `transmit'
  vendor/gems/rest-client-0.9/lib/restclient/request.rb:34:in `execute_inner'
  vendor/gems/rest-client-0.9/lib/restclient/request.rb:26:in `execute'
  vendor/gems/rest-client-0.9/lib/restclient/request.rb:12:in `execute'
  vendor/gems/rest-client-0.9/lib/restclient.rb:53:in `get'
  couchrest (0.30) [v] lib/couchrest.rb:156:in `get'
  couchrest (0.30) [v] lib/couchrest/core/database.rb:90:in `get'
  couchrest (0.30) [v] lib/couchrest/more/./mixins/document_queries.rb:45:in `get'
  app/controllers/contents_controller.rb:16:in `show'

Rendered rescues/_trace (33.6ms)
Rendered rescues/_request_and_response (0.3ms)
Rendering rescues/layout (internal_server_error)


Processing ContentsController#show to xml (for 127.0.0.1 at 2009-07-24 11:51:03) [GET]
  Parameters: {"id"=>"ce268c348d185acc0614c9c6d6821025"}
Completed in 8ms (View: 2 | 200 OK [http://localhost/contents/ce268c348d185acc0614c9c6d6821025.xml]


Processing ContentsController#show to xml (for 127.0.0.1 at 2009-07-24 11:51:05) [GET]
  Parameters: {"id"=>"ce268c348d185acc0614c9c6d6821025"}
Completed in 8ms (View: 1 | 200 OK [http://localhost/contents/ce268c348d185acc0614c9c6d6821025.xml]


Processing ContentsController#update to xml (for 127.0.0.1 at 2009-07-24 11:51:05) [PUT]
  Parameters: {"id"=>"ce268c348d185acc0614c9c6d6821025", "content"=>{"title"=>"Save Me", "page"=>"..."}}


 Content params => titleSave Mepage...
Completed in 14ms (View: 1 | 200 OK [http://localhost/contents/ce268c348d185acc0614c9c6d6821025.xml]


Processing ContentsController#show to xml (for 127.0.0.1 at 2009-07-24 11:51:05) [GET]
  Parameters: {"id"=>"ce268c348d185acc0614c9c6d6821025"}
Completed in 8ms (View: 1 | 200 OK [http://localhost/contents/ce268c348d185acc0614c9c6d6821025.xml]


Processing ContentsController#show to xml (for 127.0.0.1 at 2009-07-24 11:52:31) [GET]
  Parameters: {"id"=>"ce268c348d185acc0614c9c6d6821025"}
Completed in 14ms (View: 1 | 200 OK [http://localhost/contents/ce268c348d185acc0614c9c6d6821025.xml]


Processing ContentsController#update to xml (for 127.0.0.1 at 2009-07-24 11:52:31) [PUT]
  Parameters: {"id"=>"ce268c348d185acc0614c9c6d6821025", "content"=>{"title"=>"Save Me", "page"=>"..."}}


 Content params => titleSave Mepage...
Completed in 14ms (View: 1 | 200 OK [http://localhost/contents/ce268c348d185acc0614c9c6d6821025.xml]


Processing ContentsController#show to xml (for 127.0.0.1 at 2009-07-24 11:52:31) [GET]
  Parameters: {"id"=>"ce268c348d185acc0614c9c6d6821025"}
Completed in 9ms (View: 3 | 200 OK [http://localhost/contents/ce268c348d185acc0614c9c6d6821025.xml]


Processing ContentsController#show to xml (for 127.0.0.1 at 2009-07-24 11:53:06) [GET]
  Parameters: {"id"=>"ce268c348d185acc0614c9c6d6821025"}
Completed in 71ms (View: 1 | 200 OK [http://localhost/contents/ce268c348d185acc0614c9c6d6821025.xml]


Processing ContentsController#update to xml (for 127.0.0.1 at 2009-07-24 11:53:06) [PUT]
  Parameters: {"id"=>"ce268c348d185acc0614c9c6d6821025", "content"=>{"title"=>"Save Me", "page"=>"..."}}


 Content params => titleSave Mepage...
Completed in 21ms (View: 1 | 200 OK [http://localhost/contents/ce268c348d185acc0614c9c6d6821025.xml]


Processing ContentsController#show to xml (for 127.0.0.1 at 2009-07-24 11:53:06) [GET]
  Parameters: {"id"=>"ce268c348d185acc0614c9c6d6821025"}
Completed in 8ms (View: 1 | 200 OK [http://localhost/contents/ce268c348d185acc0614c9c6d6821025.xml]


Processing ContentsController#show to xml (for 127.0.0.1 at 2009-07-24 11:54:16) [GET]
  Parameters: {"id"=>"ce268c348d185acc0614c9c6d6821025"}
Completed in 13ms (View: 1 | 200 OK [http://localhost/contents/ce268c348d185acc0614c9c6d6821025.xml]


Processing ContentsController#update to xml (for 127.0.0.1 at 2009-07-24 11:54:16) [PUT]
  Parameters: {"id"=>"ce268c348d185acc0614c9c6d6821025", "content"=>{"title"=>"Save Me", "page"=>"..."}}


 Content params => titleSave Mepage...
Completed in 15ms (View: 1 | 200 OK [http://localhost/contents/ce268c348d185acc0614c9c6d6821025.xml]


Processing ContentsController#show to xml (for 127.0.0.1 at 2009-07-24 11:54:16) [GET]
  Parameters: {"id"=>"ce268c348d185acc0614c9c6d6821025"}
Completed in 9ms (View: 1 | 200 OK [http://localhost/contents/ce268c348d185acc0614c9c6d6821025.xml]


Processing ContentsController#show to xml (for 127.0.0.1 at 2009-07-24 14:02:23) [GET]
  Parameters: {"id"=>"1111"}

RestClient::ResourceNotFound (Resource not found):
  vendor/gems/rest-client-0.9/lib/restclient/request.rb:134:in `process_result'
  vendor/gems/rest-client-0.9/lib/restclient/request.rb:99:in `transmit'
  /System/Library/Frameworks/Ruby.framework/Versions/1.8/usr/lib/ruby/1.8/net/http.rb:543:in `start'
  vendor/gems/rest-client-0.9/lib/restclient/request.rb:95:in `transmit'
  vendor/gems/rest-client-0.9/lib/restclient/request.rb:34:in `execute_inner'
  vendor/gems/rest-client-0.9/lib/restclient/request.rb:26:in `execute'
  vendor/gems/rest-client-0.9/lib/restclient/request.rb:12:in `execute'
  vendor/gems/rest-client-0.9/lib/restclient.rb:53:in `get'
  couchrest (0.30) [v] lib/couchrest.rb:156:in `get'
  couchrest (0.30) [v] lib/couchrest/core/database.rb:90:in `get'
  couchrest (0.30) [v] lib/couchrest/more/./mixins/document_queries.rb:45:in `get'
  app/controllers/contents_controller.rb:16:in `show'

Rendered rescues/_trace (32.7ms)
Rendered rescues/_request_and_response (0.3ms)
Rendering rescues/layout (internal_server_error)


Processing ContentsController#show to xml (for 127.0.0.1 at 2009-07-24 14:02:23) [GET]
  Parameters: {"id"=>"1111"}

RestClient::ResourceNotFound (Resource not found):
  vendor/gems/rest-client-0.9/lib/restclient/request.rb:134:in `process_result'
  vendor/gems/rest-client-0.9/lib/restclient/request.rb:99:in `transmit'
  /System/Library/Frameworks/Ruby.framework/Versions/1.8/usr/lib/ruby/1.8/net/http.rb:543:in `start'
  vendor/gems/rest-client-0.9/lib/restclient/request.rb:95:in `transmit'
  vendor/gems/rest-client-0.9/lib/restclient/request.rb:34:in `execute_inner'
  vendor/gems/rest-client-0.9/lib/restclient/request.rb:26:in `execute'
  vendor/gems/rest-client-0.9/lib/restclient/request.rb:12:in `execute'
  vendor/gems/rest-client-0.9/lib/restclient.rb:53:in `get'
  couchrest (0.30) [v] lib/couchrest.rb:156:in `get'
  couchrest (0.30) [v] lib/couchrest/core/database.rb:90:in `get'
  couchrest (0.30) [v] lib/couchrest/more/./mixins/document_queries.rb:45:in `get'
  app/controllers/contents_controller.rb:16:in `show'

Rendered rescues/_trace (89.1ms)
Rendered rescues/_request_and_response (0.3ms)
Rendering rescues/layout (internal_server_error)


Processing ContentsController#show to xml (for 127.0.0.1 at 2009-07-24 14:02:23) [GET]
  Parameters: {"id"=>"1111"}

RestClient::ResourceNotFound (Resource not found):
  vendor/gems/rest-client-0.9/lib/restclient/request.rb:134:in `process_result'
  vendor/gems/rest-client-0.9/lib/restclient/request.rb:99:in `transmit'
  /System/Library/Frameworks/Ruby.framework/Versions/1.8/usr/lib/ruby/1.8/net/http.rb:543:in `start'
  vendor/gems/rest-client-0.9/lib/restclient/request.rb:95:in `transmit'
  vendor/gems/rest-client-0.9/lib/restclient/request.rb:34:in `execute_inner'
  vendor/gems/rest-client-0.9/lib/restclient/request.rb:26:in `execute'
  vendor/gems/rest-client-0.9/lib/restclient/request.rb:12:in `execute'
  vendor/gems/rest-client-0.9/lib/restclient.rb:53:in `get'
  couchrest (0.30) [v] lib/couchrest.rb:156:in `get'
  couchrest (0.30) [v] lib/couchrest/core/database.rb:90:in `get'
  couchrest (0.30) [v] lib/couchrest/more/./mixins/document_queries.rb:45:in `get'
  app/controllers/contents_controller.rb:16:in `show'

Rendered rescues/_trace (32.3ms)
Rendered rescues/_request_and_response (0.3ms)
Rendering rescues/layout (internal_server_error)
